mode: set
github.com/sudokatie/epoch/internal/cluster/consensus.go:53.55,62.2 1 1
github.com/sudokatie/epoch/internal/cluster/consensus.go:78.30,82.2 1 1
github.com/sudokatie/epoch/internal/cluster/consensus.go:85.53,90.55 4 1
github.com/sudokatie/epoch/internal/cluster/consensus.go:90.55,92.3 1 1
github.com/sudokatie/epoch/internal/cluster/consensus.go:95.2,95.28 1 1
github.com/sudokatie/epoch/internal/cluster/consensus.go:99.57,105.16 4 1
github.com/sudokatie/epoch/internal/cluster/consensus.go:105.16,107.3 1 0
github.com/sudokatie/epoch/internal/cluster/consensus.go:109.2,109.43 1 1
github.com/sudokatie/epoch/internal/cluster/consensus.go:113.52,120.59 5 1
github.com/sudokatie/epoch/internal/cluster/consensus.go:120.59,122.3 1 0
github.com/sudokatie/epoch/internal/cluster/consensus.go:124.2,125.12 2 1
github.com/sudokatie/epoch/internal/cluster/consensus.go:129.42,138.2 6 1
github.com/sudokatie/epoch/internal/cluster/consensus.go:146.66,147.46 1 1
github.com/sudokatie/epoch/internal/cluster/consensus.go:147.46,150.3 2 0
github.com/sudokatie/epoch/internal/cluster/consensus.go:151.2,151.21 1 1
github.com/sudokatie/epoch/internal/cluster/consensus.go:155.39,155.40 0 1
github.com/sudokatie/epoch/internal/cluster/consensus.go:158.75,160.25 1 1
github.com/sudokatie/epoch/internal/cluster/consensus.go:160.25,162.3 1 1
github.com/sudokatie/epoch/internal/cluster/consensus.go:163.2,163.27 1 1
github.com/sudokatie/epoch/internal/cluster/consensus.go:163.27,165.3 1 1
github.com/sudokatie/epoch/internal/cluster/consensus.go:166.2,166.26 1 1
github.com/sudokatie/epoch/internal/cluster/consensus.go:166.26,168.3 1 1
github.com/sudokatie/epoch/internal/cluster/consensus.go:171.2,181.16 3 1
github.com/sudokatie/epoch/internal/cluster/consensus.go:185.40,201.16 12 1
github.com/sudokatie/epoch/internal/cluster/consensus.go:201.16,203.3 1 0
github.com/sudokatie/epoch/internal/cluster/consensus.go:205.2,206.16 2 1
github.com/sudokatie/epoch/internal/cluster/consensus.go:206.16,208.3 1 0
github.com/sudokatie/epoch/internal/cluster/consensus.go:209.2,213.16 3 1
github.com/sudokatie/epoch/internal/cluster/consensus.go:213.16,215.3 1 0
github.com/sudokatie/epoch/internal/cluster/consensus.go:218.2,223.16 4 1
github.com/sudokatie/epoch/internal/cluster/consensus.go:223.16,225.3 1 0
github.com/sudokatie/epoch/internal/cluster/consensus.go:226.2,229.25 2 1
github.com/sudokatie/epoch/internal/cluster/consensus.go:229.25,239.3 2 1
github.com/sudokatie/epoch/internal/cluster/consensus.go:241.2,241.12 1 1
github.com/sudokatie/epoch/internal/cluster/consensus.go:245.39,249.20 3 1
github.com/sudokatie/epoch/internal/cluster/consensus.go:249.20,251.40 2 1
github.com/sudokatie/epoch/internal/cluster/consensus.go:251.40,253.4 1 0
github.com/sudokatie/epoch/internal/cluster/consensus.go:256.2,256.25 1 1
github.com/sudokatie/epoch/internal/cluster/consensus.go:256.25,258.3 1 1
github.com/sudokatie/epoch/internal/cluster/consensus.go:260.2,260.12 1 1
github.com/sudokatie/epoch/internal/cluster/consensus.go:264.42,268.20 3 1
github.com/sudokatie/epoch/internal/cluster/consensus.go:268.20,270.3 1 1
github.com/sudokatie/epoch/internal/cluster/consensus.go:271.2,271.39 1 1
github.com/sudokatie/epoch/internal/cluster/consensus.go:275.42,279.20 3 1
github.com/sudokatie/epoch/internal/cluster/consensus.go:279.20,281.3 1 1
github.com/sudokatie/epoch/internal/cluster/consensus.go:282.2,283.21 2 1
github.com/sudokatie/epoch/internal/cluster/consensus.go:287.78,291.20 3 1
github.com/sudokatie/epoch/internal/cluster/consensus.go:291.20,293.3 1 1
github.com/sudokatie/epoch/internal/cluster/consensus.go:295.2,295.36 1 0
github.com/sudokatie/epoch/internal/cluster/consensus.go:295.36,297.3 1 0
github.com/sudokatie/epoch/internal/cluster/consensus.go:299.2,300.16 2 0
github.com/sudokatie/epoch/internal/cluster/consensus.go:300.16,302.3 1 0
github.com/sudokatie/epoch/internal/cluster/consensus.go:304.2,305.39 2 0
github.com/sudokatie/epoch/internal/cluster/consensus.go:305.39,307.3 1 0
github.com/sudokatie/epoch/internal/cluster/consensus.go:310.2,310.44 1 0
github.com/sudokatie/epoch/internal/cluster/consensus.go:310.44,311.34 1 0
github.com/sudokatie/epoch/internal/cluster/consensus.go:311.34,313.4 1 0
github.com/sudokatie/epoch/internal/cluster/consensus.go:316.2,316.12 1 0
github.com/sudokatie/epoch/internal/cluster/consensus.go:320.62,324.20 3 1
github.com/sudokatie/epoch/internal/cluster/consensus.go:324.20,326.3 1 1
github.com/sudokatie/epoch/internal/cluster/consensus.go:328.2,329.23 2 0
github.com/sudokatie/epoch/internal/cluster/consensus.go:333.60,337.20 3 1
github.com/sudokatie/epoch/internal/cluster/consensus.go:337.20,339.3 1 1
github.com/sudokatie/epoch/internal/cluster/consensus.go:341.2,342.23 2 0
github.com/sudokatie/epoch/internal/cluster/consensus.go:346.48,348.2 1 1
github.com/sudokatie/epoch/internal/cluster/consensus.go:351.68,355.20 3 1
github.com/sudokatie/epoch/internal/cluster/consensus.go:355.20,357.3 1 1
github.com/sudokatie/epoch/internal/cluster/consensus.go:359.2,360.39 2 1
github.com/sudokatie/epoch/internal/cluster/consensus.go:360.39,362.3 1 0
github.com/sudokatie/epoch/internal/cluster/consensus.go:364.2,364.44 1 1
github.com/sudokatie/epoch/internal/cluster/consensus.go:368.60,375.2 3 1
github.com/sudokatie/epoch/internal/cluster/consensus.go:378.58,385.2 3 1
github.com/sudokatie/epoch/internal/cluster/consensus.go:388.35,390.2 1 1
github.com/sudokatie/epoch/internal/cluster/coordinator.go:25.43,26.11 1 1
github.com/sudokatie/epoch/internal/cluster/coordinator.go:27.22,28.15 1 1
github.com/sudokatie/epoch/internal/cluster/coordinator.go:29.25,30.18 1 1
github.com/sudokatie/epoch/internal/cluster/coordinator.go:31.22,32.15 1 1
github.com/sudokatie/epoch/internal/cluster/coordinator.go:33.10,34.19 1 1
github.com/sudokatie/epoch/internal/cluster/coordinator.go:61.51,69.2 1 1
github.com/sudokatie/epoch/internal/cluster/coordinator.go:72.72,73.34 1 1
github.com/sudokatie/epoch/internal/cluster/coordinator.go:73.34,75.3 1 1
github.com/sudokatie/epoch/internal/cluster/coordinator.go:76.2,76.30 1 1
github.com/sudokatie/epoch/internal/cluster/coordinator.go:76.30,78.3 1 1
github.com/sudokatie/epoch/internal/cluster/coordinator.go:79.2,79.29 1 1
github.com/sudokatie/epoch/internal/cluster/coordinator.go:79.29,81.3 1 1
github.com/sudokatie/epoch/internal/cluster/coordinator.go:84.2,97.3 2 1
github.com/sudokatie/epoch/internal/cluster/coordinator.go:101.46,105.2 3 1
github.com/sudokatie/epoch/internal/cluster/coordinator.go:108.49,112.2 3 1
github.com/sudokatie/epoch/internal/cluster/coordinator.go:115.59,119.2 3 1
github.com/sudokatie/epoch/internal/cluster/coordinator.go:139.93,144.21 3 1
github.com/sudokatie/epoch/internal/cluster/coordinator.go:144.21,146.3 1 1
github.com/sudokatie/epoch/internal/cluster/coordinator.go:149.2,161.30 7 0
github.com/sudokatie/epoch/internal/cluster/coordinator.go:161.30,162.18 1 0
github.com/sudokatie/epoch/internal/cluster/coordinator.go:162.18,164.4 1 0
github.com/sudokatie/epoch/internal/cluster/coordinator.go:164.9,164.29 1 0
github.com/sudokatie/epoch/internal/cluster/coordinator.go:164.29,166.4 1 0
github.com/sudokatie/epoch/internal/cluster/coordinator.go:169.2,175.37 2 0
github.com/sudokatie/epoch/internal/cluster/coordinator.go:175.37,177.3 1 0
github.com/sudokatie/epoch/internal/cluster/coordinator.go:179.2,179.18 1 0
github.com/sudokatie/epoch/internal/cluster/coordinator.go:183.111,189.29 4 0
github.com/sudokatie/epoch/internal/cluster/coordinator.go:189.29,191.32 2 0
github.com/sudokatie/epoch/internal/cluster/coordinator.go:191.32,200.41 3 0
github.com/sudokatie/epoch/internal/cluster/coordinator.go:200.41,206.5 2 0
github.com/sudokatie/epoch/internal/cluster/coordinator.go:209.4,210.18 2 0
github.com/sudokatie/epoch/internal/cluster/coordinator.go:210.18,216.5 2 0
github.com/sudokatie/epoch/internal/cluster/coordinator.go:218.4,218.40 1 0
github.com/sudokatie/epoch/internal/cluster/coordinator.go:218.40,220.5 1 0
github.com/sudokatie/epoch/internal/cluster/coordinator.go:220.10,220.44 1 0
github.com/sudokatie/epoch/internal/cluster/coordinator.go:220.44,225.5 1 0
github.com/sudokatie/epoch/internal/cluster/coordinator.go:230.2,231.12 2 0
github.com/sudokatie/epoch/internal/cluster/coordinator.go:231.12,234.3 2 0
github.com/sudokatie/epoch/internal/cluster/coordinator.go:236.2,236.9 1 0
github.com/sudokatie/epoch/internal/cluster/coordinator.go:237.14,237.14 0 0
github.com/sudokatie/epoch/internal/cluster/coordinator.go:238.20,238.20 0 0
github.com/sudokatie/epoch/internal/cluster/coordinator.go:242.2,242.16 1 0
github.com/sudokatie/epoch/internal/cluster/coordinator.go:259.93,264.23 3 0
github.com/sudokatie/epoch/internal/cluster/coordinator.go:264.23,265.36 1 0
github.com/sudokatie/epoch/internal/cluster/coordinator.go:265.36,267.10 2 0
github.com/sudokatie/epoch/internal/cluster/coordinator.go:267.10,269.5 1 0
github.com/sudokatie/epoch/internal/cluster/coordinator.go:273.2,273.25 1 0
github.com/sudokatie/epoch/internal/cluster/coordinator.go:273.25,279.3 1 0
github.com/sudokatie/epoch/internal/cluster/coordinator.go:281.2,293.33 6 0
github.com/sudokatie/epoch/internal/cluster/coordinator.go:293.33,294.20 1 0
github.com/sudokatie/epoch/internal/cluster/coordinator.go:294.20,301.38 2 0
github.com/sudokatie/epoch/internal/cluster/coordinator.go:301.38,304.5 2 0
github.com/sudokatie/epoch/internal/cluster/coordinator.go:306.4,307.18 2 0
github.com/sudokatie/epoch/internal/cluster/coordinator.go:307.18,310.5 2 0
github.com/sudokatie/epoch/internal/cluster/coordinator.go:312.4,312.41 1 0
github.com/sudokatie/epoch/internal/cluster/coordinator.go:312.41,314.5 1 0
github.com/sudokatie/epoch/internal/cluster/coordinator.go:314.10,316.5 1 0
github.com/sudokatie/epoch/internal/cluster/coordinator.go:321.2,322.38 2 0
github.com/sudokatie/epoch/internal/cluster/coordinator.go:322.38,323.10 1 0
github.com/sudokatie/epoch/internal/cluster/coordinator.go:324.26,325.41 1 0
github.com/sudokatie/epoch/internal/cluster/coordinator.go:325.41,327.5 1 0
github.com/sudokatie/epoch/internal/cluster/coordinator.go:328.21,329.9 1 0
github.com/sudokatie/epoch/internal/cluster/coordinator.go:334.2,334.22 1 0
github.com/sudokatie/epoch/internal/cluster/coordinator.go:334.22,339.3 1 0
github.com/sudokatie/epoch/internal/cluster/coordinator.go:341.2,344.8 1 0
github.com/sudokatie/epoch/internal/cluster/coordinator.go:348.92,351.25 2 1
github.com/sudokatie/epoch/internal/cluster/coordinator.go:351.25,353.3 1 1
github.com/sudokatie/epoch/internal/cluster/coordinator.go:354.2,354.12 1 1
github.com/sudokatie/epoch/internal/cluster/coordinator.go:358.98,361.2 2 1
github.com/sudokatie/epoch/internal/cluster/coordinator.go:364.62,369.23 4 1
github.com/sudokatie/epoch/internal/cluster/coordinator.go:369.23,373.27 3 1
github.com/sudokatie/epoch/internal/cluster/coordinator.go:373.27,374.59 1 0
github.com/sudokatie/epoch/internal/cluster/coordinator.go:374.59,375.45 1 0
github.com/sudokatie/epoch/internal/cluster/coordinator.go:375.45,377.6 1 0
github.com/sudokatie/epoch/internal/cluster/coordinator.go:380.3,380.16 1 1
github.com/sudokatie/epoch/internal/cluster/coordinator.go:384.2,385.33 2 0
github.com/sudokatie/epoch/internal/cluster/coordinator.go:385.33,386.45 1 0
github.com/sudokatie/epoch/internal/cluster/coordinator.go:386.45,388.4 1 0
github.com/sudokatie/epoch/internal/cluster/coordinator.go:391.2,391.15 1 0
github.com/sudokatie/epoch/internal/cluster/coordinator.go:395.80,396.15 1 1
github.com/sudokatie/epoch/internal/cluster/coordinator.go:397.22,398.11 1 1
github.com/sudokatie/epoch/internal/cluster/coordinator.go:399.25,400.30 1 1
github.com/sudokatie/epoch/internal/cluster/coordinator.go:401.22,402.20 1 1
github.com/sudokatie/epoch/internal/cluster/coordinator.go:403.10,404.11 1 0
github.com/sudokatie/epoch/internal/cluster/coordinator.go:409.67,413.2 3 1
github.com/sudokatie/epoch/internal/cluster/coordinator.go:416.66,420.2 3 1
github.com/sudokatie/epoch/internal/cluster/coordinator.go:423.56,426.16 3 1
github.com/sudokatie/epoch/internal/cluster/coordinator.go:426.16,428.3 1 1
github.com/sudokatie/epoch/internal/cluster/coordinator.go:432.53,443.2 3 1
github.com/sudokatie/epoch/internal/cluster/hashring.go:38.45,43.2 1 1
github.com/sudokatie/epoch/internal/cluster/hashring.go:46.51,47.30 1 1
github.com/sudokatie/epoch/internal/cluster/hashring.go:47.30,49.3 1 0
github.com/sudokatie/epoch/internal/cluster/hashring.go:50.2,50.35 1 1
github.com/sudokatie/epoch/internal/cluster/hashring.go:50.35,52.3 1 0
github.com/sudokatie/epoch/internal/cluster/hashring.go:54.2,60.3 1 1
github.com/sudokatie/epoch/internal/cluster/hashring.go:64.44,68.50 3 1
github.com/sudokatie/epoch/internal/cluster/hashring.go:68.50,70.3 1 1
github.com/sudokatie/epoch/internal/cluster/hashring.go:72.2,73.39 2 1
github.com/sudokatie/epoch/internal/cluster/hashring.go:73.39,79.3 5 1
github.com/sudokatie/epoch/internal/cluster/hashring.go:81.2,82.42 2 1
github.com/sudokatie/epoch/internal/cluster/hashring.go:82.42,84.3 1 1
github.com/sudokatie/epoch/internal/cluster/hashring.go:88.47,93.13 4 1
github.com/sudokatie/epoch/internal/cluster/hashring.go:93.13,95.3 1 1
github.com/sudokatie/epoch/internal/cluster/hashring.go:98.2,99.27 2 1
github.com/sudokatie/epoch/internal/cluster/hashring.go:99.27,102.3 2 1
github.com/sudokatie/epoch/internal/cluster/hashring.go:105.2,106.28 2 1
github.com/sudokatie/epoch/internal/cluster/hashring.go:106.28,107.18 1 1
github.com/sudokatie/epoch/internal/cluster/hashring.go:107.18,109.4 1 1
github.com/sudokatie/epoch/internal/cluster/hashring.go:111.2,113.33 2 1
github.com/sudokatie/epoch/internal/cluster/hashring.go:117.48,121.23 3 1
github.com/sudokatie/epoch/internal/cluster/hashring.go:121.23,123.3 1 1
github.com/sudokatie/epoch/internal/cluster/hashring.go:125.2,127.36 3 1
github.com/sudokatie/epoch/internal/cluster/hashring.go:131.58,135.23 3 1
github.com/sudokatie/epoch/internal/cluster/hashring.go:135.23,137.3 1 1
github.com/sudokatie/epoch/internal/cluster/hashring.go:139.2,139.30 1 1
github.com/sudokatie/epoch/internal/cluster/hashring.go:139.30,141.3 1 1
github.com/sudokatie/epoch/internal/cluster/hashring.go:143.2,149.54 5 1
github.com/sudokatie/epoch/internal/cluster/hashring.go:149.54,152.20 3 1
github.com/sudokatie/epoch/internal/cluster/hashring.go:152.20,155.4 2 1
github.com/sudokatie/epoch/internal/cluster/hashring.go:158.2,158.14 1 1
github.com/sudokatie/epoch/internal/cluster/hashring.go:162.93,165.2 2 1
github.com/sudokatie/epoch/internal/cluster/hashring.go:168.45,169.52 1 1
github.com/sudokatie/epoch/internal/cluster/hashring.go:169.52,171.3 1 1
github.com/sudokatie/epoch/internal/cluster/hashring.go:172.2,172.25 1 1
github.com/sudokatie/epoch/internal/cluster/hashring.go:172.25,174.3 1 1
github.com/sudokatie/epoch/internal/cluster/hashring.go:175.2,175.12 1 1
github.com/sudokatie/epoch/internal/cluster/hashring.go:179.37,183.2 3 1
github.com/sudokatie/epoch/internal/cluster/hashring.go:186.38,191.38 4 1
github.com/sudokatie/epoch/internal/cluster/hashring.go:191.38,193.3 1 1
github.com/sudokatie/epoch/internal/cluster/hashring.go:194.2,194.14 1 1
github.com/sudokatie/epoch/internal/cluster/hashring.go:198.48,200.2 1 1
github.com/sudokatie/epoch/internal/cluster/hashring.go:203.50,207.2 3 1
github.com/sudokatie/epoch/internal/cluster/node.go:23.35,24.11 1 1
github.com/sudokatie/epoch/internal/cluster/node.go:25.20,26.16 1 1
github.com/sudokatie/epoch/internal/cluster/node.go:27.20,28.16 1 1
github.com/sudokatie/epoch/internal/cluster/node.go:29.27,30.23 1 1
github.com/sudokatie/epoch/internal/cluster/node.go:31.10,32.19 1 1
github.com/sudokatie/epoch/internal/cluster/node.go:50.36,51.11 1 1
github.com/sudokatie/epoch/internal/cluster/node.go:52.24,53.19 1 1
github.com/sudokatie/epoch/internal/cluster/node.go:54.22,55.17 1 1
github.com/sudokatie/epoch/internal/cluster/node.go:56.24,57.19 1 1
github.com/sudokatie/epoch/internal/cluster/node.go:58.23,59.18 1 1
github.com/sudokatie/epoch/internal/cluster/node.go:60.10,61.19 1 1
github.com/sudokatie/epoch/internal/cluster/node.go:120.37,128.2 1 1
github.com/sudokatie/epoch/internal/cluster/node.go:131.48,132.21 1 1
github.com/sudokatie/epoch/internal/cluster/node.go:132.21,134.3 1 1
github.com/sudokatie/epoch/internal/cluster/node.go:135.2,135.35 1 1
github.com/sudokatie/epoch/internal/cluster/node.go:135.35,137.3 1 0
github.com/sudokatie/epoch/internal/cluster/node.go:138.2,138.34 1 1
github.com/sudokatie/epoch/internal/cluster/node.go:138.34,140.3 1 0
github.com/sudokatie/epoch/internal/cluster/node.go:142.2,159.15 2 1
github.com/sudokatie/epoch/internal/cluster/node.go:163.30,166.16 2 1
github.com/sudokatie/epoch/internal/cluster/node.go:166.16,168.3 1 0
github.com/sudokatie/epoch/internal/cluster/node.go:169.2,175.38 4 1
github.com/sudokatie/epoch/internal/cluster/node.go:175.38,177.3 1 1
github.com/sudokatie/epoch/internal/cluster/node.go:180.2,187.12 5 1
github.com/sudokatie/epoch/internal/cluster/node.go:191.29,203.26 6 1
github.com/sudokatie/epoch/internal/cluster/node.go:203.26,205.3 1 1
github.com/sudokatie/epoch/internal/cluster/node.go:208.2,209.31 2 1
github.com/sudokatie/epoch/internal/cluster/node.go:209.31,211.3 1 1
github.com/sudokatie/epoch/internal/cluster/node.go:212.2,215.12 3 1
github.com/sudokatie/epoch/internal/cluster/node.go:219.32,223.2 3 1
github.com/sudokatie/epoch/internal/cluster/node.go:226.35,231.31 4 1
github.com/sudokatie/epoch/internal/cluster/node.go:231.31,233.3 1 1
github.com/sudokatie/epoch/internal/cluster/node.go:234.2,234.14 1 1
github.com/sudokatie/epoch/internal/cluster/node.go:238.49,243.2 4 0
github.com/sudokatie/epoch/internal/cluster/node.go:246.49,248.16 2 1
github.com/sudokatie/epoch/internal/cluster/node.go:248.16,250.3 1 0
github.com/sudokatie/epoch/internal/cluster/node.go:253.2,259.49 2 1
github.com/sudokatie/epoch/internal/cluster/node.go:259.49,262.3 2 0
github.com/sudokatie/epoch/internal/cluster/node.go:265.2,266.16 2 1
github.com/sudokatie/epoch/internal/cluster/node.go:266.16,269.3 2 0
github.com/sudokatie/epoch/internal/cluster/node.go:271.2,271.37 1 1
github.com/sudokatie/epoch/internal/cluster/node.go:271.37,274.3 2 0
github.com/sudokatie/epoch/internal/cluster/node.go:277.2,278.64 2 1
github.com/sudokatie/epoch/internal/cluster/node.go:278.64,281.3 2 0
github.com/sudokatie/epoch/internal/cluster/node.go:284.2,293.12 6 1
github.com/sudokatie/epoch/internal/cluster/node.go:297.39,298.15 1 1
github.com/sudokatie/epoch/internal/cluster/node.go:298.15,303.3 4 1
github.com/sudokatie/epoch/internal/cluster/node.go:305.2,305.6 1 1
github.com/sudokatie/epoch/internal/cluster/node.go:305.6,306.10 1 1
github.com/sudokatie/epoch/internal/cluster/node.go:307.19,308.10 1 0
github.com/sudokatie/epoch/internal/cluster/node.go:309.11,309.11 0 1
github.com/sudokatie/epoch/internal/cluster/node.go:312.3,313.17 2 1
github.com/sudokatie/epoch/internal/cluster/node.go:313.17,315.4 1 1
github.com/sudokatie/epoch/internal/cluster/node.go:317.3,317.29 1 1
github.com/sudokatie/epoch/internal/cluster/node.go:322.56,323.18 1 1
github.com/sudokatie/epoch/internal/cluster/node.go:324.28,331.5 2 1
github.com/sudokatie/epoch/internal/cluster/node.go:333.31,334.24 1 1
github.com/sudokatie/epoch/internal/cluster/node.go:336.24,340.16 3 1
github.com/sudokatie/epoch/internal/cluster/node.go:342.10,344.25 1 0
github.com/sudokatie/epoch/internal/cluster/node.go:344.25,346.4 1 0
github.com/sudokatie/epoch/internal/cluster/node.go:351.32,357.6 4 1
github.com/sudokatie/epoch/internal/cluster/node.go:357.6,358.10 1 1
github.com/sudokatie/epoch/internal/cluster/node.go:359.19,361.23 2 1
github.com/sudokatie/epoch/internal/cluster/node.go:362.19,363.10 1 1
github.com/sudokatie/epoch/internal/cluster/node.go:369.33,372.31 3 1
github.com/sudokatie/epoch/internal/cluster/node.go:372.31,374.3 1 1
github.com/sudokatie/epoch/internal/cluster/node.go:375.2,382.29 3 1
github.com/sudokatie/epoch/internal/cluster/node.go:382.29,384.3 1 1
github.com/sudokatie/epoch/internal/cluster/node.go:388.34,393.32 4 1
github.com/sudokatie/epoch/internal/cluster/node.go:393.32,394.59 1 1
github.com/sudokatie/epoch/internal/cluster/node.go:394.59,397.4 2 0
github.com/sudokatie/epoch/internal/cluster/node.go:402.33,405.31 3 1
github.com/sudokatie/epoch/internal/cluster/node.go:405.31,407.3 1 1
github.com/sudokatie/epoch/internal/cluster/node.go:408.2,415.29 3 1
github.com/sudokatie/epoch/internal/cluster/node.go:415.29,417.3 1 1
github.com/sudokatie/epoch/internal/cluster/node.go:421.30,423.2 1 1
github.com/sudokatie/epoch/internal/cluster/node.go:426.40,428.16 2 1
github.com/sudokatie/epoch/internal/cluster/node.go:428.16,429.13 1 0
github.com/sudokatie/epoch/internal/cluster/node.go:431.2,431.13 1 1
github.com/sudokatie/epoch/internal/cluster/peer.go:20.50,26.2 1 1
github.com/sudokatie/epoch/internal/cluster/peer.go:29.32,33.2 3 1
github.com/sudokatie/epoch/internal/cluster/peer.go:36.37,40.2 3 1
github.com/sudokatie/epoch/internal/cluster/peer.go:43.33,47.2 3 1
github.com/sudokatie/epoch/internal/cluster/peer.go:50.41,54.2 3 1
github.com/sudokatie/epoch/internal/cluster/peer.go:57.44,59.2 1 1
github.com/sudokatie/epoch/internal/cluster/peer.go:62.30,64.2 1 1
github.com/sudokatie/epoch/internal/cluster/peer.go:67.30,71.2 3 1
github.com/sudokatie/epoch/internal/cluster/peer.go:74.28,78.2 3 1
github.com/sudokatie/epoch/internal/cluster/peer.go:81.34,85.2 3 1
github.com/sudokatie/epoch/internal/cluster/peer.go:88.32,92.2 3 1
github.com/sudokatie/epoch/internal/cluster/peer.go:95.31,99.2 3 1
github.com/sudokatie/epoch/internal/cluster/peer.go:102.42,106.2 3 1
github.com/sudokatie/epoch/internal/cluster/raft.go:86.32,93.2 1 1
github.com/sudokatie/epoch/internal/cluster/raft.go:96.51,102.18 4 1
github.com/sudokatie/epoch/internal/cluster/raft.go:103.18,104.37 1 1
github.com/sudokatie/epoch/internal/cluster/raft.go:105.21,106.40 1 1
github.com/sudokatie/epoch/internal/cluster/raft.go:107.25,108.44 1 1
github.com/sudokatie/epoch/internal/cluster/raft.go:109.23,110.42 1 1
github.com/sudokatie/epoch/internal/cluster/raft.go:111.32,112.38 1 1
github.com/sudokatie/epoch/internal/cluster/raft.go:113.31,114.37 1 1
github.com/sudokatie/epoch/internal/cluster/raft.go:115.30,116.36 1 0
github.com/sudokatie/epoch/internal/cluster/raft.go:117.32,118.38 1 1
github.com/sudokatie/epoch/internal/cluster/raft.go:119.30,120.36 1 1
github.com/sudokatie/epoch/internal/cluster/raft.go:121.22,122.41 1 1
github.com/sudokatie/epoch/internal/cluster/raft.go:123.24,124.43 1 1
github.com/sudokatie/epoch/internal/cluster/raft.go:125.10,126.58 1 0
github.com/sudokatie/epoch/internal/cluster/raft.go:131.48,135.2 3 1
github.com/sudokatie/epoch/internal/cluster/raft.go:138.48,143.56 4 1
github.com/sudokatie/epoch/internal/cluster/raft.go:143.56,145.3 1 0
github.com/sudokatie/epoch/internal/cluster/raft.go:147.2,154.12 7 1
github.com/sudokatie/epoch/internal/cluster/raft.go:166.65,168.52 2 1
github.com/sudokatie/epoch/internal/cluster/raft.go:168.52,170.3 1 0
github.com/sudokatie/epoch/internal/cluster/raft.go:172.2,181.12 2 1
github.com/sudokatie/epoch/internal/cluster/raft.go:188.68,190.52 2 1
github.com/sudokatie/epoch/internal/cluster/raft.go:190.52,192.3 1 0
github.com/sudokatie/epoch/internal/cluster/raft.go:194.2,195.12 2 1
github.com/sudokatie/epoch/internal/cluster/raft.go:202.72,204.52 2 1
github.com/sudokatie/epoch/internal/cluster/raft.go:204.52,206.3 1 0
github.com/sudokatie/epoch/internal/cluster/raft.go:208.2,208.46 1 1
github.com/sudokatie/epoch/internal/cluster/raft.go:208.46,210.3 1 1
github.com/sudokatie/epoch/internal/cluster/raft.go:212.2,228.12 3 1
github.com/sudokatie/epoch/internal/cluster/raft.go:235.70,237.52 2 1
github.com/sudokatie/epoch/internal/cluster/raft.go:237.52,239.3 1 0
github.com/sudokatie/epoch/internal/cluster/raft.go:241.2,242.12 2 1
github.com/sudokatie/epoch/internal/cluster/raft.go:254.66,256.52 2 1
github.com/sudokatie/epoch/internal/cluster/raft.go:256.52,258.3 1 0
github.com/sudokatie/epoch/internal/cluster/raft.go:260.2,261.13 2 1
github.com/sudokatie/epoch/internal/cluster/raft.go:261.13,263.3 1 0
github.com/sudokatie/epoch/internal/cluster/raft.go:265.2,265.55 1 1
github.com/sudokatie/epoch/internal/cluster/raft.go:265.55,267.3 1 0
github.com/sudokatie/epoch/internal/cluster/raft.go:269.2,277.15 2 1
github.com/sudokatie/epoch/internal/cluster/raft.go:277.15,280.46 2 1
github.com/sudokatie/epoch/internal/cluster/raft.go:280.46,281.22 1 1
github.com/sudokatie/epoch/internal/cluster/raft.go:281.22,283.5 1 1
github.com/sudokatie/epoch/internal/cluster/raft.go:287.2,287.12 1 1
github.com/sudokatie/epoch/internal/cluster/raft.go:299.65,301.52 2 1
github.com/sudokatie/epoch/internal/cluster/raft.go:301.52,303.3 1 0
github.com/sudokatie/epoch/internal/cluster/raft.go:305.2,306.13 2 1
github.com/sudokatie/epoch/internal/cluster/raft.go:306.13,308.3 1 0
github.com/sudokatie/epoch/internal/cluster/raft.go:310.2,311.13 2 1
github.com/sudokatie/epoch/internal/cluster/raft.go:311.13,313.3 1 0
github.com/sudokatie/epoch/internal/cluster/raft.go:315.2,315.23 1 1
github.com/sudokatie/epoch/internal/cluster/raft.go:315.23,317.3 1 1
github.com/sudokatie/epoch/internal/cluster/raft.go:318.2,318.28 1 1
github.com/sudokatie/epoch/internal/cluster/raft.go:318.28,320.3 1 0
github.com/sudokatie/epoch/internal/cluster/raft.go:321.2,321.32 1 1
github.com/sudokatie/epoch/internal/cluster/raft.go:321.32,323.3 1 0
github.com/sudokatie/epoch/internal/cluster/raft.go:324.2,324.36 1 1
github.com/sudokatie/epoch/internal/cluster/raft.go:324.36,327.49 3 0
github.com/sudokatie/epoch/internal/cluster/raft.go:327.49,328.22 1 0
github.com/sudokatie/epoch/internal/cluster/raft.go:328.22,330.5 1 0
github.com/sudokatie/epoch/internal/cluster/raft.go:334.2,334.12 1 1
github.com/sudokatie/epoch/internal/cluster/raft.go:342.64,344.52 2 0
github.com/sudokatie/epoch/internal/cluster/raft.go:344.52,346.3 1 0
github.com/sudokatie/epoch/internal/cluster/raft.go:348.2,349.13 2 0
github.com/sudokatie/epoch/internal/cluster/raft.go:349.13,351.3 1 0
github.com/sudokatie/epoch/internal/cluster/raft.go:353.2,355.28 2 0
github.com/sudokatie/epoch/internal/cluster/raft.go:355.28,357.3 1 0
github.com/sudokatie/epoch/internal/cluster/raft.go:359.2,359.12 1 0
github.com/sudokatie/epoch/internal/cluster/raft.go:369.66,371.52 2 1
github.com/sudokatie/epoch/internal/cluster/raft.go:371.52,373.3 1 0
github.com/sudokatie/epoch/internal/cluster/raft.go:375.2,384.12 3 1
github.com/sudokatie/epoch/internal/cluster/raft.go:392.64,394.52 2 1
github.com/sudokatie/epoch/internal/cluster/raft.go:394.52,396.3 1 0
github.com/sudokatie/epoch/internal/cluster/raft.go:398.2,400.12 3 1
github.com/sudokatie/epoch/internal/cluster/raft.go:408.69,410.52 2 1
github.com/sudokatie/epoch/internal/cluster/raft.go:410.52,412.3 1 0
github.com/sudokatie/epoch/internal/cluster/raft.go:414.2,415.12 2 1
github.com/sudokatie/epoch/internal/cluster/raft.go:422.71,424.52 2 1
github.com/sudokatie/epoch/internal/cluster/raft.go:424.52,426.3 1 0
github.com/sudokatie/epoch/internal/cluster/raft.go:428.2,429.12 2 1
github.com/sudokatie/epoch/internal/cluster/raft.go:435.58,440.2 4 1
github.com/sudokatie/epoch/internal/cluster/raft.go:443.44,448.28 4 0
github.com/sudokatie/epoch/internal/cluster/raft.go:448.28,450.3 1 0
github.com/sudokatie/epoch/internal/cluster/raft.go:451.2,451.14 1 0
github.com/sudokatie/epoch/internal/cluster/raft.go:455.68,460.2 4 1
github.com/sudokatie/epoch/internal/cluster/raft.go:463.52,468.33 4 0
github.com/sudokatie/epoch/internal/cluster/raft.go:468.33,470.3 1 0
github.com/sudokatie/epoch/internal/cluster/raft.go:471.2,471.12 1 0
github.com/sudokatie/epoch/internal/cluster/raft.go:475.60,479.2 3 1
github.com/sudokatie/epoch/internal/cluster/raft.go:482.56,487.2 4 1
github.com/sudokatie/epoch/internal/cluster/raft.go:490.58,495.2 4 1
github.com/sudokatie/epoch/internal/cluster/raft.go:498.60,501.44 3 1
github.com/sudokatie/epoch/internal/cluster/raft.go:501.44,503.3 1 0
github.com/sudokatie/epoch/internal/cluster/raft.go:504.2,509.12 2 1
github.com/sudokatie/epoch/internal/cluster/raft.go:513.58,518.2 4 1
github.com/sudokatie/epoch/internal/cluster/raft.go:521.87,525.13 4 0
github.com/sudokatie/epoch/internal/cluster/raft.go:525.13,527.3 1 0
github.com/sudokatie/epoch/internal/cluster/raft.go:528.2,529.20 2 0
github.com/sudokatie/epoch/internal/cluster/raft.go:529.20,531.3 1 0
github.com/sudokatie/epoch/internal/cluster/raft.go:532.2,532.12 1 0
github.com/sudokatie/epoch/internal/cluster/raft.go:536.81,540.13 4 0
github.com/sudokatie/epoch/internal/cluster/raft.go:540.13,542.3 1 0
github.com/sudokatie/epoch/internal/cluster/raft.go:543.2,544.12 2 0
github.com/sudokatie/epoch/internal/cluster/raft.go:548.78,553.2 4 0
github.com/sudokatie/epoch/internal/cluster/raft.go:571.68,576.2 1 1
github.com/sudokatie/epoch/internal/cluster/raft.go:579.47,583.2 3 1
github.com/sudokatie/epoch/internal/cluster/raft.go:586.49,590.2 3 1
github.com/sudokatie/epoch/internal/cluster/raft.go:593.62,597.17 3 1
github.com/sudokatie/epoch/internal/cluster/raft.go:597.17,599.3 1 1
github.com/sudokatie/epoch/internal/cluster/raft.go:601.2,601.43 1 1
github.com/sudokatie/epoch/internal/cluster/raft.go:601.43,603.3 1 0
github.com/sudokatie/epoch/internal/cluster/raft.go:605.2,606.12 2 1
github.com/sudokatie/epoch/internal/cluster/raft.go:610.50,612.2 1 1
github.com/sudokatie/epoch/internal/cluster/raft.go:615.59,622.29 5 1
github.com/sudokatie/epoch/internal/cluster/raft.go:622.29,624.3 1 1
github.com/sudokatie/epoch/internal/cluster/raft.go:628.58,635.29 5 1
github.com/sudokatie/epoch/internal/cluster/raft.go:635.29,637.3 1 1
github.com/sudokatie/epoch/internal/cluster/raft.go:641.70,645.2 3 1
github.com/sudokatie/epoch/internal/cluster/raft.go:648.89,650.16 2 1
github.com/sudokatie/epoch/internal/cluster/raft.go:650.16,652.3 1 0
github.com/sudokatie/epoch/internal/cluster/raft.go:653.2,654.12 2 1
github.com/sudokatie/epoch/internal/cluster/raft.go:658.88,661.26 3 1
github.com/sudokatie/epoch/internal/cluster/raft.go:661.26,663.3 1 0
github.com/sudokatie/epoch/internal/cluster/raft.go:664.2,664.34 1 1
github.com/sudokatie/epoch/internal/cluster/replication.go:40.51,46.2 1 1
github.com/sudokatie/epoch/internal/cluster/replication.go:49.112,50.30 1 1
github.com/sudokatie/epoch/internal/cluster/replication.go:50.30,52.3 1 0
github.com/sudokatie/epoch/internal/cluster/replication.go:53.2,53.34 1 1
github.com/sudokatie/epoch/internal/cluster/replication.go:53.34,55.3 1 0
github.com/sudokatie/epoch/internal/cluster/replication.go:56.2,56.31 1 1
github.com/sudokatie/epoch/internal/cluster/replication.go:56.31,58.3 1 0
github.com/sudokatie/epoch/internal/cluster/replication.go:60.2,67.3 1 1
github.com/sudokatie/epoch/internal/cluster/replication.go:71.39,73.2 1 1
github.com/sudokatie/epoch/internal/cluster/replication.go:76.38,79.2 2 1
github.com/sudokatie/epoch/internal/cluster/replication.go:82.42,88.6 4 1
github.com/sudokatie/epoch/internal/cluster/replication.go:88.6,89.10 1 1
github.com/sudokatie/epoch/internal/cluster/replication.go:90.19,91.23 1 1
github.com/sudokatie/epoch/internal/cluster/replication.go:92.20,93.10 1 1
github.com/sudokatie/epoch/internal/cluster/replication.go:99.48,102.33 2 1
github.com/sudokatie/epoch/internal/cluster/replication.go:102.33,103.36 1 0
github.com/sudokatie/epoch/internal/cluster/replication.go:103.36,104.12 1 0
github.com/sudokatie/epoch/internal/cluster/replication.go:107.3,108.10 2 0
github.com/sudokatie/epoch/internal/cluster/replication.go:108.10,109.12 1 0
github.com/sudokatie/epoch/internal/cluster/replication.go:112.3,112.24 1 0
github.com/sudokatie/epoch/internal/cluster/replication.go:117.62,124.33 5 0
github.com/sudokatie/epoch/internal/cluster/replication.go:124.33,126.3 1 0
github.com/sudokatie/epoch/internal/cluster/replication.go:127.2,142.39 5 0
github.com/sudokatie/epoch/internal/cluster/replication.go:142.39,144.3 1 0
github.com/sudokatie/epoch/internal/cluster/replication.go:146.2,147.16 2 0
github.com/sudokatie/epoch/internal/cluster/replication.go:147.16,149.3 1 0
github.com/sudokatie/epoch/internal/cluster/replication.go:151.2,152.64 2 0
github.com/sudokatie/epoch/internal/cluster/replication.go:152.64,154.3 1 0
github.com/sudokatie/epoch/internal/cluster/replication.go:157.2,157.45 1 0
github.com/sudokatie/epoch/internal/cluster/replication.go:157.45,159.37 2 0
github.com/sudokatie/epoch/internal/cluster/replication.go:159.37,162.4 1 0
github.com/sudokatie/epoch/internal/cluster/replication.go:165.2,165.12 1 0
github.com/sudokatie/epoch/internal/cluster/replication.go:169.100,183.39 4 0
github.com/sudokatie/epoch/internal/cluster/replication.go:183.39,185.3 1 0
github.com/sudokatie/epoch/internal/cluster/replication.go:187.2,188.16 2 0
github.com/sudokatie/epoch/internal/cluster/replication.go:188.16,190.3 1 0
github.com/sudokatie/epoch/internal/cluster/replication.go:192.2,193.64 2 0
github.com/sudokatie/epoch/internal/cluster/replication.go:193.64,195.3 1 0
github.com/sudokatie/epoch/internal/cluster/replication.go:198.2,202.9 4 0
github.com/sudokatie/epoch/internal/cluster/replication.go:202.9,204.3 1 0
github.com/sudokatie/epoch/internal/cluster/replication.go:206.2,210.35 3 0
github.com/sudokatie/epoch/internal/cluster/replication.go:210.35,211.37 1 0
github.com/sudokatie/epoch/internal/cluster/replication.go:211.37,213.4 1 0
github.com/sudokatie/epoch/internal/cluster/replication.go:217.2,217.22 1 0
github.com/sudokatie/epoch/internal/cluster/replication.go:217.22,219.3 1 0
github.com/sudokatie/epoch/internal/cluster/replication.go:221.2,221.12 1 0
github.com/sudokatie/epoch/internal/cluster/replication.go:225.121,227.61 1 0
github.com/sudokatie/epoch/internal/cluster/replication.go:227.61,229.22 2 0
github.com/sudokatie/epoch/internal/cluster/replication.go:229.22,231.4 1 0
github.com/sudokatie/epoch/internal/cluster/replication.go:233.3,248.40 5 0
github.com/sudokatie/epoch/internal/cluster/replication.go:248.40,250.4 1 0
github.com/sudokatie/epoch/internal/cluster/replication.go:252.3,253.17 2 0
github.com/sudokatie/epoch/internal/cluster/replication.go:253.17,255.4 1 0
github.com/sudokatie/epoch/internal/cluster/replication.go:257.3,258.65 2 0
github.com/sudokatie/epoch/internal/cluster/replication.go:258.65,260.4 1 0
github.com/sudokatie/epoch/internal/cluster/replication.go:263.3,263.40 1 0
github.com/sudokatie/epoch/internal/cluster/replication.go:263.40,265.4 1 0
github.com/sudokatie/epoch/internal/cluster/replication.go:268.2,268.12 1 0
github.com/sudokatie/epoch/internal/cluster/replication.go:272.84,279.9 4 0
github.com/sudokatie/epoch/internal/cluster/replication.go:279.9,282.3 2 0
github.com/sudokatie/epoch/internal/cluster/replication.go:284.2,284.24 1 0
github.com/sudokatie/epoch/internal/cluster/replication.go:288.77,293.9 4 1
github.com/sudokatie/epoch/internal/cluster/replication.go:293.9,296.3 2 1
github.com/sudokatie/epoch/internal/cluster/replication.go:298.2,298.24 1 1
github.com/sudokatie/epoch/internal/cluster/replication.go:302.67,307.9 4 1
github.com/sudokatie/epoch/internal/cluster/replication.go:307.9,309.3 1 1
github.com/sudokatie/epoch/internal/cluster/replication.go:311.2,311.20 1 1
github.com/sudokatie/epoch/internal/cluster/replication.go:347.34,351.2 1 1
github.com/sudokatie/epoch/internal/cluster/replication.go:354.54,361.2 5 1
github.com/sudokatie/epoch/internal/cluster/replication.go:364.41,370.2 4 1
github.com/sudokatie/epoch/internal/cluster/replication.go:373.36,377.13 3 1
github.com/sudokatie/epoch/internal/cluster/replication.go:377.13,379.3 1 1
github.com/sudokatie/epoch/internal/cluster/replication.go:381.2,381.15 1 1
github.com/sudokatie/epoch/internal/cluster/replication.go:385.49,390.29 4 1
github.com/sudokatie/epoch/internal/cluster/replication.go:390.29,392.3 1 1
github.com/sudokatie/epoch/internal/cluster/replication.go:393.2,393.15 1 1
github.com/sudokatie/epoch/internal/cluster/replication.go:397.40,398.24 1 1
github.com/sudokatie/epoch/internal/cluster/replication.go:398.24,402.3 3 0
github.com/sudokatie/epoch/internal/cluster/replication.go:405.2,406.26 2 1
github.com/sudokatie/epoch/internal/cluster/replication.go:406.26,408.3 1 1
github.com/sudokatie/epoch/internal/cluster/replication.go:409.2,413.25 3 1
github.com/sudokatie/epoch/internal/cluster/replication.go:413.25,415.3 1 1
github.com/sudokatie/epoch/internal/cluster/replication.go:418.2,418.22 1 1
github.com/sudokatie/epoch/internal/cluster/replication.go:418.22,420.39 2 1
github.com/sudokatie/epoch/internal/cluster/replication.go:420.39,421.25 1 1
github.com/sudokatie/epoch/internal/cluster/replication.go:421.25,425.5 3 1
github.com/sudokatie/epoch/internal/cluster/replication.go:425.10,427.5 1 0
github.com/sudokatie/epoch/internal/cluster/replication.go:429.3,429.21 1 1
github.com/sudokatie/epoch/internal/cluster/replication.go:432.2,433.17 2 1
github.com/sudokatie/epoch/internal/cluster/replication.go:437.55,447.33 6 1
github.com/sudokatie/epoch/internal/cluster/replication.go:447.33,448.58 1 1
github.com/sudokatie/epoch/internal/cluster/replication.go:448.58,450.4 1 1
github.com/sudokatie/epoch/internal/cluster/replication.go:453.2,453.13 1 1
github.com/sudokatie/epoch/internal/cluster/replication.go:457.33,461.2 3 1
github.com/sudokatie/epoch/internal/cluster/rpc.go:38.38,39.11 1 1
github.com/sudokatie/epoch/internal/cluster/rpc.go:40.23,41.16 1 1
github.com/sudokatie/epoch/internal/cluster/rpc.go:42.26,43.20 1 1
github.com/sudokatie/epoch/internal/cluster/rpc.go:44.24,45.17 1 1
github.com/sudokatie/epoch/internal/cluster/rpc.go:46.28,47.21 1 1
github.com/sudokatie/epoch/internal/cluster/rpc.go:48.31,49.25 1 1
github.com/sudokatie/epoch/internal/cluster/rpc.go:50.24,51.17 1 1
github.com/sudokatie/epoch/internal/cluster/rpc.go:52.27,53.21 1 1
github.com/sudokatie/epoch/internal/cluster/rpc.go:54.24,55.17 1 1
github.com/sudokatie/epoch/internal/cluster/rpc.go:56.28,57.22 1 1
github.com/sudokatie/epoch/internal/cluster/rpc.go:58.24,59.17 1 1
github.com/sudokatie/epoch/internal/cluster/rpc.go:60.10,61.19 1 1
github.com/sudokatie/epoch/internal/cluster/rpc.go:74.54,76.16 2 1
github.com/sudokatie/epoch/internal/cluster/rpc.go:76.16,78.3 1 0
github.com/sudokatie/epoch/internal/cluster/rpc.go:81.2,84.46 3 1
github.com/sudokatie/epoch/internal/cluster/rpc.go:84.46,86.3 1 0
github.com/sudokatie/epoch/internal/cluster/rpc.go:88.2,88.44 1 1
github.com/sudokatie/epoch/internal/cluster/rpc.go:88.44,90.3 1 0
github.com/sudokatie/epoch/internal/cluster/rpc.go:92.2,92.12 1 1
github.com/sudokatie/epoch/internal/cluster/rpc.go:96.51,99.53 2 1
github.com/sudokatie/epoch/internal/cluster/rpc.go:99.53,101.3 1 1
github.com/sudokatie/epoch/internal/cluster/rpc.go:103.2,104.27 2 1
github.com/sudokatie/epoch/internal/cluster/rpc.go:104.27,106.3 1 0
github.com/sudokatie/epoch/internal/cluster/rpc.go:109.2,110.51 2 1
github.com/sudokatie/epoch/internal/cluster/rpc.go:110.51,112.3 1 1
github.com/sudokatie/epoch/internal/cluster/rpc.go:114.2,115.51 2 1
github.com/sudokatie/epoch/internal/cluster/rpc.go:115.51,117.3 1 0
github.com/sudokatie/epoch/internal/cluster/rpc.go:119.2,119.18 1 1
github.com/sudokatie/epoch/internal/cluster/rpc.go:134.42,139.2 1 1
github.com/sudokatie/epoch/internal/cluster/rpc.go:142.82,146.2 3 1
github.com/sudokatie/epoch/internal/cluster/rpc.go:149.50,150.6 1 1
github.com/sudokatie/epoch/internal/cluster/rpc.go:150.6,152.17 2 1
github.com/sudokatie/epoch/internal/cluster/rpc.go:152.17,154.4 1 1
github.com/sudokatie/epoch/internal/cluster/rpc.go:156.3,156.30 1 1
github.com/sudokatie/epoch/internal/cluster/rpc.go:161.53,166.16 3 1
github.com/sudokatie/epoch/internal/cluster/rpc.go:166.16,168.3 1 0
github.com/sudokatie/epoch/internal/cluster/rpc.go:170.2,170.33 1 1
github.com/sudokatie/epoch/internal/cluster/rpc.go:170.33,173.3 1 0
github.com/sudokatie/epoch/internal/cluster/rpc.go:176.2,177.63 2 1
github.com/sudokatie/epoch/internal/cluster/rpc.go:177.63,179.3 1 0
github.com/sudokatie/epoch/internal/cluster/rpc.go:182.2,188.48 2 1
github.com/sudokatie/epoch/internal/cluster/rpc.go:188.48,190.3 1 0
github.com/sudokatie/epoch/internal/cluster/rpc.go:193.2,200.25 5 1
github.com/sudokatie/epoch/internal/cluster/rpc.go:204.61,209.9 4 0
github.com/sudokatie/epoch/internal/cluster/rpc.go:209.9,218.3 2 0
github.com/sudokatie/epoch/internal/cluster/rpc.go:221.2,222.17 2 0
github.com/sudokatie/epoch/internal/cluster/rpc.go:222.17,225.3 2 0
github.com/sudokatie/epoch/internal/cluster/rpc.go:238.42,249.2 3 0
github.com/sudokatie/epoch/internal/cluster/rpc.go:252.81,260.15 7 0
github.com/sudokatie/epoch/internal/cluster/rpc.go:260.15,264.3 3 0
github.com/sudokatie/epoch/internal/cluster/rpc.go:267.2,274.41 2 0
github.com/sudokatie/epoch/internal/cluster/rpc.go:274.41,276.3 1 0
github.com/sudokatie/epoch/internal/cluster/rpc.go:279.2,280.35 2 0
github.com/sudokatie/epoch/internal/cluster/rpc.go:280.35,282.3 1 0
github.com/sudokatie/epoch/internal/cluster/rpc.go:284.2,284.18 1 0
github.com/sudokatie/epoch/internal/cluster/rpc.go:288.39,289.6 1 0
github.com/sudokatie/epoch/internal/cluster/rpc.go:289.6,291.17 2 0
github.com/sudokatie/epoch/internal/cluster/rpc.go:291.17,293.4 1 0
github.com/sudokatie/epoch/internal/cluster/rpc.go:295.3,296.38 2 0
github.com/sudokatie/epoch/internal/cluster/rpc.go:296.38,298.4 1 0
github.com/sudokatie/epoch/internal/cluster/rpc.go:299.3,299.16 1 0
github.com/sudokatie/epoch/internal/cluster/rpc.go:304.35,306.2 1 0
