mode: set
github.com/sudokatie/epoch/cmd/epoch/cluster.go:37.51,38.20 1 1
github.com/sudokatie/epoch/cmd/epoch/cluster.go:39.16,40.25 1 1
github.com/sudokatie/epoch/cmd/epoch/cluster.go:41.18,42.26 1 1
github.com/sudokatie/epoch/cmd/epoch/cluster.go:43.21,44.29 1 1
github.com/sudokatie/epoch/cmd/epoch/cluster.go:45.19,46.28 1 1
github.com/sudokatie/epoch/cmd/epoch/cluster.go:47.30,48.21 1 1
github.com/sudokatie/epoch/cmd/epoch/cluster.go:49.10,52.13 3 0
github.com/sudokatie/epoch/cmd/epoch/cluster.go:56.25,66.2 9 1
github.com/sudokatie/epoch/cmd/epoch/cluster.go:68.38,72.20 4 1
github.com/sudokatie/epoch/cmd/epoch/cluster.go:72.20,79.3 6 1
github.com/sudokatie/epoch/cmd/epoch/cluster.go:80.2,80.39 1 1
github.com/sudokatie/epoch/cmd/epoch/cluster.go:80.39,81.26 1 1
github.com/sudokatie/epoch/cmd/epoch/cluster.go:81.26,83.4 1 1
github.com/sudokatie/epoch/cmd/epoch/cluster.go:84.3,84.13 1 0
github.com/sudokatie/epoch/cmd/epoch/cluster.go:87.2,88.16 2 1
github.com/sudokatie/epoch/cmd/epoch/cluster.go:88.16,91.3 2 0
github.com/sudokatie/epoch/cmd/epoch/cluster.go:93.2,93.21 1 1
github.com/sudokatie/epoch/cmd/epoch/cluster.go:94.14,97.21 3 1
github.com/sudokatie/epoch/cmd/epoch/cluster.go:98.10,99.29 1 1
github.com/sudokatie/epoch/cmd/epoch/cluster.go:103.39,108.20 5 1
github.com/sudokatie/epoch/cmd/epoch/cluster.go:108.20,115.3 6 1
github.com/sudokatie/epoch/cmd/epoch/cluster.go:116.2,116.39 1 1
github.com/sudokatie/epoch/cmd/epoch/cluster.go:116.39,117.26 1 1
github.com/sudokatie/epoch/cmd/epoch/cluster.go:117.26,119.4 1 1
github.com/sudokatie/epoch/cmd/epoch/cluster.go:120.3,120.13 1 0
github.com/sudokatie/epoch/cmd/epoch/cluster.go:123.2,123.21 1 1
github.com/sudokatie/epoch/cmd/epoch/cluster.go:123.21,127.3 3 0
github.com/sudokatie/epoch/cmd/epoch/cluster.go:129.2,130.16 2 1
github.com/sudokatie/epoch/cmd/epoch/cluster.go:130.16,133.3 2 0
github.com/sudokatie/epoch/cmd/epoch/cluster.go:135.2,135.55 1 1
github.com/sudokatie/epoch/cmd/epoch/cluster.go:138.42,143.20 5 1
github.com/sudokatie/epoch/cmd/epoch/cluster.go:143.20,150.3 6 1
github.com/sudokatie/epoch/cmd/epoch/cluster.go:151.2,151.39 1 1
github.com/sudokatie/epoch/cmd/epoch/cluster.go:151.39,152.26 1 1
github.com/sudokatie/epoch/cmd/epoch/cluster.go:152.26,154.4 1 1
github.com/sudokatie/epoch/cmd/epoch/cluster.go:155.3,155.13 1 0
github.com/sudokatie/epoch/cmd/epoch/cluster.go:158.2,158.19 1 1
github.com/sudokatie/epoch/cmd/epoch/cluster.go:158.19,162.3 3 0
github.com/sudokatie/epoch/cmd/epoch/cluster.go:164.2,165.16 2 1
github.com/sudokatie/epoch/cmd/epoch/cluster.go:165.16,168.3 2 0
github.com/sudokatie/epoch/cmd/epoch/cluster.go:170.2,170.55 1 1
github.com/sudokatie/epoch/cmd/epoch/cluster.go:173.41,177.20 4 1
github.com/sudokatie/epoch/cmd/epoch/cluster.go:177.20,184.3 6 1
github.com/sudokatie/epoch/cmd/epoch/cluster.go:185.2,185.39 1 1
github.com/sudokatie/epoch/cmd/epoch/cluster.go:185.39,186.26 1 1
github.com/sudokatie/epoch/cmd/epoch/cluster.go:186.26,188.4 1 1
github.com/sudokatie/epoch/cmd/epoch/cluster.go:189.3,189.13 1 0
github.com/sudokatie/epoch/cmd/epoch/cluster.go:192.2,193.16 2 1
github.com/sudokatie/epoch/cmd/epoch/cluster.go:193.16,196.3 2 0
github.com/sudokatie/epoch/cmd/epoch/cluster.go:199.60,202.16 3 1
github.com/sudokatie/epoch/cmd/epoch/cluster.go:202.16,218.3 1 0
github.com/sudokatie/epoch/cmd/epoch/cluster.go:219.2,221.38 2 1
github.com/sudokatie/epoch/cmd/epoch/cluster.go:221.38,224.3 2 1
github.com/sudokatie/epoch/cmd/epoch/cluster.go:226.2,227.67 2 1
github.com/sudokatie/epoch/cmd/epoch/cluster.go:227.67,229.3 1 0
github.com/sudokatie/epoch/cmd/epoch/cluster.go:231.2,231.21 1 1
github.com/sudokatie/epoch/cmd/epoch/cluster.go:234.48,248.33 11 1
github.com/sudokatie/epoch/cmd/epoch/cluster.go:248.33,250.19 2 1
github.com/sudokatie/epoch/cmd/epoch/cluster.go:250.19,252.4 1 1
github.com/sudokatie/epoch/cmd/epoch/cluster.go:253.3,259.28 1 1
github.com/sudokatie/epoch/cmd/epoch/cluster.go:263.58,268.18 4 1
github.com/sudokatie/epoch/cmd/epoch/cluster.go:268.18,270.3 1 1
github.com/sudokatie/epoch/cmd/epoch/cluster.go:272.2,276.16 2 1
github.com/sudokatie/epoch/cmd/epoch/cluster.go:276.16,278.3 1 0
github.com/sudokatie/epoch/cmd/epoch/cluster.go:279.2,281.79 2 1
github.com/sudokatie/epoch/cmd/epoch/cluster.go:281.79,284.3 2 1
github.com/sudokatie/epoch/cmd/epoch/cluster.go:286.2,286.12 1 1
github.com/sudokatie/epoch/cmd/epoch/cluster.go:289.63,293.11 3 1
github.com/sudokatie/epoch/cmd/epoch/cluster.go:293.11,295.3 1 1
github.com/sudokatie/epoch/cmd/epoch/cluster.go:297.2,298.16 2 1
github.com/sudokatie/epoch/cmd/epoch/cluster.go:298.16,300.3 1 0
github.com/sudokatie/epoch/cmd/epoch/cluster.go:302.2,303.16 2 1
github.com/sudokatie/epoch/cmd/epoch/cluster.go:303.16,305.3 1 0
github.com/sudokatie/epoch/cmd/epoch/cluster.go:306.2,308.81 2 1
github.com/sudokatie/epoch/cmd/epoch/cluster.go:308.81,311.3 2 1
github.com/sudokatie/epoch/cmd/epoch/cluster.go:313.2,313.12 1 1
github.com/sudokatie/epoch/cmd/epoch/cluster.go:316.55,320.12 3 1
github.com/sudokatie/epoch/cmd/epoch/cluster.go:320.12,322.3 1 1
github.com/sudokatie/epoch/cmd/epoch/cluster.go:324.2,325.16 2 1
github.com/sudokatie/epoch/cmd/epoch/cluster.go:325.16,327.3 1 0
github.com/sudokatie/epoch/cmd/epoch/cluster.go:328.2,330.38 2 1
github.com/sudokatie/epoch/cmd/epoch/cluster.go:330.38,333.3 2 1
github.com/sudokatie/epoch/cmd/epoch/cluster.go:335.2,340.67 2 1
github.com/sudokatie/epoch/cmd/epoch/cluster.go:340.67,343.3 2 0
github.com/sudokatie/epoch/cmd/epoch/cluster.go:345.2,345.12 1 1
github.com/sudokatie/epoch/cmd/epoch/cluster.go:345.12,347.3 1 1
github.com/sudokatie/epoch/cmd/epoch/cluster.go:347.8,349.3 1 1
github.com/sudokatie/epoch/cmd/epoch/cluster.go:351.2,351.26 1 1
github.com/sudokatie/epoch/cmd/epoch/cluster.go:351.26,353.3 1 1
github.com/sudokatie/epoch/cmd/epoch/cluster.go:355.2,355.12 1 1
github.com/sudokatie/epoch/cmd/epoch/cluster.go:358.34,360.14 2 1
github.com/sudokatie/epoch/cmd/epoch/cluster.go:360.14,362.3 1 1
github.com/sudokatie/epoch/cmd/epoch/cluster.go:363.2,364.42 2 1
github.com/sudokatie/epoch/cmd/epoch/cluster.go:364.42,367.3 2 1
github.com/sudokatie/epoch/cmd/epoch/cluster.go:368.2,368.72 1 1
github.com/sudokatie/epoch/cmd/epoch/cluster.go:371.41,372.19 1 1
github.com/sudokatie/epoch/cmd/epoch/cluster.go:372.19,374.3 1 1
github.com/sudokatie/epoch/cmd/epoch/cluster.go:375.2,375.26 1 1
github.com/sudokatie/epoch/cmd/epoch/export.go:31.40,45.16 6 1
github.com/sudokatie/epoch/cmd/epoch/export.go:45.16,47.3 1 0
github.com/sudokatie/epoch/cmd/epoch/export.go:48.2,50.38 2 1
github.com/sudokatie/epoch/cmd/epoch/export.go:50.38,53.3 2 1
github.com/sudokatie/epoch/cmd/epoch/export.go:56.2,57.67 2 1
github.com/sudokatie/epoch/cmd/epoch/export.go:57.67,59.3 1 0
github.com/sudokatie/epoch/cmd/epoch/export.go:61.2,61.63 1 1
github.com/sudokatie/epoch/cmd/epoch/export.go:61.63,62.63 1 1
github.com/sudokatie/epoch/cmd/epoch/export.go:62.63,64.4 1 1
github.com/sudokatie/epoch/cmd/epoch/export.go:65.3,65.34 1 0
github.com/sudokatie/epoch/cmd/epoch/export.go:69.2,73.23 3 1
github.com/sudokatie/epoch/cmd/epoch/export.go:73.23,75.3 1 1
github.com/sudokatie/epoch/cmd/epoch/export.go:75.8,77.17 2 1
github.com/sudokatie/epoch/cmd/epoch/export.go:77.17,79.4 1 1
github.com/sudokatie/epoch/cmd/epoch/export.go:80.3,81.10 2 1
github.com/sudokatie/epoch/cmd/epoch/export.go:85.2,86.20 2 1
github.com/sudokatie/epoch/cmd/epoch/export.go:87.14,88.48 1 1
github.com/sudokatie/epoch/cmd/epoch/export.go:89.14,90.40 1 1
github.com/sudokatie/epoch/cmd/epoch/export.go:91.13,92.39 1 1
github.com/sudokatie/epoch/cmd/epoch/export.go:93.10,94.58 1 0
github.com/sudokatie/epoch/cmd/epoch/export.go:97.2,97.16 1 1
github.com/sudokatie/epoch/cmd/epoch/export.go:97.16,99.3 1 0
github.com/sudokatie/epoch/cmd/epoch/export.go:101.2,102.12 2 1
github.com/sudokatie/epoch/cmd/epoch/export.go:105.48,110.27 3 1
github.com/sudokatie/epoch/cmd/epoch/export.go:110.27,112.3 1 1
github.com/sudokatie/epoch/cmd/epoch/export.go:112.8,114.3 1 1
github.com/sudokatie/epoch/cmd/epoch/export.go:116.2,118.25 2 1
github.com/sudokatie/epoch/cmd/epoch/export.go:118.25,120.17 2 1
github.com/sudokatie/epoch/cmd/epoch/export.go:120.17,122.4 1 1
github.com/sudokatie/epoch/cmd/epoch/export.go:122.9,124.4 1 0
github.com/sudokatie/epoch/cmd/epoch/export.go:127.2,127.23 1 1
github.com/sudokatie/epoch/cmd/epoch/export.go:127.23,129.17 2 1
github.com/sudokatie/epoch/cmd/epoch/export.go:129.17,131.4 1 1
github.com/sudokatie/epoch/cmd/epoch/export.go:131.9,133.4 1 0
github.com/sudokatie/epoch/cmd/epoch/export.go:136.2,136.25 1 1
github.com/sudokatie/epoch/cmd/epoch/export.go:136.25,139.3 2 1
github.com/sudokatie/epoch/cmd/epoch/export.go:141.2,141.20 1 1
github.com/sudokatie/epoch/cmd/epoch/export.go:144.44,146.56 1 1
github.com/sudokatie/epoch/cmd/epoch/export.go:146.56,148.16 1 1
github.com/sudokatie/epoch/cmd/epoch/export.go:148.16,150.4 1 1
github.com/sudokatie/epoch/cmd/epoch/export.go:150.9,150.23 1 1
github.com/sudokatie/epoch/cmd/epoch/export.go:150.23,152.4 1 0
github.com/sudokatie/epoch/cmd/epoch/export.go:152.9,152.23 1 1
github.com/sudokatie/epoch/cmd/epoch/export.go:152.23,154.4 1 1
github.com/sudokatie/epoch/cmd/epoch/export.go:154.9,156.4 1 1
github.com/sudokatie/epoch/cmd/epoch/export.go:160.2,160.55 1 1
github.com/sudokatie/epoch/cmd/epoch/export.go:160.55,162.3 1 1
github.com/sudokatie/epoch/cmd/epoch/export.go:163.2,163.59 1 1
github.com/sudokatie/epoch/cmd/epoch/export.go:163.59,165.3 1 0
github.com/sudokatie/epoch/cmd/epoch/export.go:166.2,166.55 1 1
github.com/sudokatie/epoch/cmd/epoch/export.go:166.55,168.3 1 1
github.com/sudokatie/epoch/cmd/epoch/export.go:170.2,170.53 1 0
github.com/sudokatie/epoch/cmd/epoch/export.go:173.65,176.27 2 1
github.com/sudokatie/epoch/cmd/epoch/export.go:176.27,181.33 3 1
github.com/sudokatie/epoch/cmd/epoch/export.go:181.33,182.21 1 1
github.com/sudokatie/epoch/cmd/epoch/export.go:182.21,184.5 1 1
github.com/sudokatie/epoch/cmd/epoch/export.go:184.10,186.5 1 1
github.com/sudokatie/epoch/cmd/epoch/export.go:189.3,189.32 1 1
github.com/sudokatie/epoch/cmd/epoch/export.go:189.32,197.42 2 1
github.com/sudokatie/epoch/cmd/epoch/export.go:197.42,198.37 1 1
github.com/sudokatie/epoch/cmd/epoch/export.go:199.18,200.28 1 1
github.com/sudokatie/epoch/cmd/epoch/export.go:201.16,202.21 1 0
github.com/sudokatie/epoch/cmd/epoch/export.go:203.17,204.63 1 0
github.com/sudokatie/epoch/cmd/epoch/export.go:204.63,206.7 1 0
github.com/sudokatie/epoch/cmd/epoch/export.go:211.4,211.37 1 1
github.com/sudokatie/epoch/cmd/epoch/export.go:211.37,212.43 1 1
github.com/sudokatie/epoch/cmd/epoch/export.go:212.43,213.14 1 0
github.com/sudokatie/epoch/cmd/epoch/export.go:215.5,215.33 1 1
github.com/sudokatie/epoch/cmd/epoch/export.go:216.18,217.47 1 1
github.com/sudokatie/epoch/cmd/epoch/export.go:218.16,219.45 1 0
github.com/sudokatie/epoch/cmd/epoch/export.go:220.17,221.48 1 0
github.com/sudokatie/epoch/cmd/epoch/export.go:222.15,223.46 1 0
github.com/sudokatie/epoch/cmd/epoch/export.go:227.4,227.25 1 1
github.com/sudokatie/epoch/cmd/epoch/export.go:227.25,229.5 1 1
github.com/sudokatie/epoch/cmd/epoch/export.go:233.2,233.15 1 1
github.com/sudokatie/epoch/cmd/epoch/export.go:236.79,237.27 1 1
github.com/sudokatie/epoch/cmd/epoch/export.go:237.27,239.50 2 1
github.com/sudokatie/epoch/cmd/epoch/export.go:239.50,241.4 1 0
github.com/sudokatie/epoch/cmd/epoch/export.go:243.2,243.25 1 1
github.com/sudokatie/epoch/cmd/epoch/export.go:246.61,251.27 3 1
github.com/sudokatie/epoch/cmd/epoch/export.go:251.27,256.3 4 1
github.com/sudokatie/epoch/cmd/epoch/export.go:258.2,261.29 3 1
github.com/sudokatie/epoch/cmd/epoch/export.go:261.29,262.13 1 1
github.com/sudokatie/epoch/cmd/epoch/export.go:262.13,264.4 1 0
github.com/sudokatie/epoch/cmd/epoch/export.go:265.3,269.45 4 1
github.com/sudokatie/epoch/cmd/epoch/export.go:272.2,275.20 3 1
github.com/sudokatie/epoch/cmd/epoch/export.go:278.60,279.17 1 1
github.com/sudokatie/epoch/cmd/epoch/export.go:280.30,281.42 1 1
github.com/sudokatie/epoch/cmd/epoch/export.go:282.32,283.41 1 1
github.com/sudokatie/epoch/cmd/epoch/export.go:284.31,285.43 1 1
github.com/sudokatie/epoch/cmd/epoch/export.go:286.32,287.22 1 1
github.com/sudokatie/epoch/cmd/epoch/export.go:287.22,289.4 1 1
github.com/sudokatie/epoch/cmd/epoch/export.go:290.3,290.17 1 1
github.com/sudokatie/epoch/cmd/epoch/export.go:291.10,292.12 1 0
github.com/sudokatie/epoch/cmd/epoch/export.go:296.71,298.16 2 1
github.com/sudokatie/epoch/cmd/epoch/export.go:298.16,300.3 1 0
github.com/sudokatie/epoch/cmd/epoch/export.go:303.2,304.58 2 1
github.com/sudokatie/epoch/cmd/epoch/export.go:304.58,306.3 1 0
github.com/sudokatie/epoch/cmd/epoch/export.go:308.2,308.42 1 1
github.com/sudokatie/epoch/cmd/epoch/export.go:308.42,310.3 1 0
github.com/sudokatie/epoch/cmd/epoch/export.go:312.2,312.25 1 1
github.com/sudokatie/epoch/cmd/epoch/export.go:315.70,316.75 1 1
github.com/sudokatie/epoch/cmd/epoch/export.go:316.75,318.3 1 0
github.com/sudokatie/epoch/cmd/epoch/export.go:319.2,319.25 1 1
github.com/sudokatie/epoch/cmd/epoch/export.go:322.87,325.2 1 1
github.com/sudokatie/epoch/cmd/epoch/format.go:19.57,22.19 2 1
github.com/sudokatie/epoch/cmd/epoch/format.go:23.24,24.23 1 1
github.com/sudokatie/epoch/cmd/epoch/format.go:25.29,26.25 1 1
github.com/sudokatie/epoch/cmd/epoch/format.go:27.29,28.25 1 1
github.com/sudokatie/epoch/cmd/epoch/format.go:29.10,30.23 1 1
github.com/sudokatie/epoch/cmd/epoch/format.go:33.2,33.41 1 1
github.com/sudokatie/epoch/cmd/epoch/format.go:37.64,39.59 1 1
github.com/sudokatie/epoch/cmd/epoch/format.go:39.59,41.3 1 1
github.com/sudokatie/epoch/cmd/epoch/format.go:42.2,42.55 1 1
github.com/sudokatie/epoch/cmd/epoch/format.go:42.55,44.3 1 0
github.com/sudokatie/epoch/cmd/epoch/format.go:47.2,48.16 2 1
github.com/sudokatie/epoch/cmd/epoch/format.go:48.16,50.3 1 1
github.com/sudokatie/epoch/cmd/epoch/format.go:53.2,53.19 1 1
github.com/sudokatie/epoch/cmd/epoch/format.go:54.24,55.24 1 1
github.com/sudokatie/epoch/cmd/epoch/format.go:56.29,57.24 1 1
github.com/sudokatie/epoch/cmd/epoch/format.go:58.29,59.24 1 0
github.com/sudokatie/epoch/cmd/epoch/format.go:60.10,61.18 1 1
github.com/sudokatie/epoch/cmd/epoch/format.go:66.45,67.26 1 1
github.com/sudokatie/epoch/cmd/epoch/format.go:67.26,69.3 1 1
github.com/sudokatie/epoch/cmd/epoch/format.go:70.2,70.26 1 1
github.com/sudokatie/epoch/cmd/epoch/format.go:70.26,72.3 1 1
github.com/sudokatie/epoch/cmd/epoch/format.go:73.2,73.21 1 1
github.com/sudokatie/epoch/cmd/epoch/format.go:73.21,75.3 1 1
github.com/sudokatie/epoch/cmd/epoch/format.go:76.2,76.21 1 1
github.com/sudokatie/epoch/cmd/epoch/format.go:76.21,78.3 1 1
github.com/sudokatie/epoch/cmd/epoch/format.go:79.2,79.19 1 1
github.com/sudokatie/epoch/cmd/epoch/format.go:79.19,81.3 1 1
github.com/sudokatie/epoch/cmd/epoch/format.go:82.2,82.40 1 1
github.com/sudokatie/epoch/cmd/epoch/format.go:86.53,88.13 2 1
github.com/sudokatie/epoch/cmd/epoch/format.go:88.13,90.3 1 1
github.com/sudokatie/epoch/cmd/epoch/format.go:92.2,95.30 3 1
github.com/sudokatie/epoch/cmd/epoch/format.go:95.30,98.39 2 1
github.com/sudokatie/epoch/cmd/epoch/format.go:98.39,100.12 2 1
github.com/sudokatie/epoch/cmd/epoch/format.go:103.3,103.16 1 1
github.com/sudokatie/epoch/cmd/epoch/format.go:103.16,105.4 1 1
github.com/sudokatie/epoch/cmd/epoch/format.go:107.3,108.17 2 1
github.com/sudokatie/epoch/cmd/epoch/format.go:108.17,110.4 1 0
github.com/sudokatie/epoch/cmd/epoch/format.go:112.3,113.12 2 1
github.com/sudokatie/epoch/cmd/epoch/format.go:114.12,115.37 1 0
github.com/sudokatie/epoch/cmd/epoch/format.go:115.37,117.5 1 0
github.com/sudokatie/epoch/cmd/epoch/format.go:118.4,118.26 1 0
github.com/sudokatie/epoch/cmd/epoch/format.go:119.18,120.37 1 1
github.com/sudokatie/epoch/cmd/epoch/format.go:120.37,122.5 1 1
github.com/sudokatie/epoch/cmd/epoch/format.go:123.4,123.27 1 1
github.com/sudokatie/epoch/cmd/epoch/format.go:124.12,125.37 1 1
github.com/sudokatie/epoch/cmd/epoch/format.go:125.37,128.5 2 1
github.com/sudokatie/epoch/cmd/epoch/format.go:128.10,130.5 1 1
github.com/sudokatie/epoch/cmd/epoch/format.go:131.12,132.22 1 1
github.com/sudokatie/epoch/cmd/epoch/format.go:133.12,134.20 1 1
github.com/sudokatie/epoch/cmd/epoch/format.go:135.12,136.25 1 1
github.com/sudokatie/epoch/cmd/epoch/format.go:137.12,138.29 1 1
github.com/sudokatie/epoch/cmd/epoch/format.go:139.11,140.56 1 1
github.com/sudokatie/epoch/cmd/epoch/format.go:143.3,144.11 2 1
github.com/sudokatie/epoch/cmd/epoch/format.go:147.2,147.15 1 1
github.com/sudokatie/epoch/cmd/epoch/format.go:147.15,150.17 2 0
github.com/sudokatie/epoch/cmd/epoch/format.go:150.17,152.4 1 0
github.com/sudokatie/epoch/cmd/epoch/format.go:153.3,153.30 1 0
github.com/sudokatie/epoch/cmd/epoch/format.go:156.2,156.19 1 1
github.com/sudokatie/epoch/cmd/epoch/format.go:160.34,162.14 2 1
github.com/sudokatie/epoch/cmd/epoch/format.go:162.14,164.3 1 1
github.com/sudokatie/epoch/cmd/epoch/format.go:165.2,166.42 2 1
github.com/sudokatie/epoch/cmd/epoch/format.go:166.42,169.3 2 1
github.com/sudokatie/epoch/cmd/epoch/format.go:170.2,170.72 1 1
github.com/sudokatie/epoch/cmd/epoch/format.go:174.35,176.19 2 1
github.com/sudokatie/epoch/cmd/epoch/format.go:176.19,178.3 1 1
github.com/sudokatie/epoch/cmd/epoch/format.go:180.2,182.16 3 1
github.com/sudokatie/epoch/cmd/epoch/format.go:182.16,184.3 1 0
github.com/sudokatie/epoch/cmd/epoch/format.go:185.2,187.39 2 1
github.com/sudokatie/epoch/cmd/epoch/format.go:187.39,190.3 2 1
github.com/sudokatie/epoch/cmd/epoch/format.go:192.2,192.24 1 1
github.com/sudokatie/epoch/cmd/epoch/format.go:196.50,197.22 1 1
github.com/sudokatie/epoch/cmd/epoch/format.go:197.22,199.3 1 1
github.com/sudokatie/epoch/cmd/epoch/format.go:200.2,200.17 1 1
github.com/sudokatie/epoch/cmd/epoch/format.go:200.17,202.3 1 1
github.com/sudokatie/epoch/cmd/epoch/format.go:203.2,203.29 1 1
github.com/sudokatie/epoch/cmd/epoch/format.go:207.43,208.21 1 1
github.com/sudokatie/epoch/cmd/epoch/format.go:208.21,210.3 1 1
github.com/sudokatie/epoch/cmd/epoch/format.go:211.2,211.46 1 1
github.com/sudokatie/epoch/cmd/epoch/format.go:215.42,216.21 1 1
github.com/sudokatie/epoch/cmd/epoch/format.go:216.21,218.3 1 1
github.com/sudokatie/epoch/cmd/epoch/format.go:219.2,219.46 1 1
github.com/sudokatie/epoch/cmd/epoch/format.go:223.41,224.21 1 1
github.com/sudokatie/epoch/cmd/epoch/format.go:224.21,226.3 1 1
github.com/sudokatie/epoch/cmd/epoch/format.go:227.2,229.67 3 1
github.com/sudokatie/epoch/cmd/epoch/import.go:31.40,34.22 2 1
github.com/sudokatie/epoch/cmd/epoch/import.go:34.22,36.3 1 1
github.com/sudokatie/epoch/cmd/epoch/import.go:39.2,40.16 2 1
github.com/sudokatie/epoch/cmd/epoch/import.go:40.16,42.3 1 1
github.com/sudokatie/epoch/cmd/epoch/import.go:43.2,47.16 3 1
github.com/sudokatie/epoch/cmd/epoch/import.go:47.16,49.3 1 0
github.com/sudokatie/epoch/cmd/epoch/import.go:50.2,61.16 8 1
github.com/sudokatie/epoch/cmd/epoch/import.go:62.14,63.93 1 1
github.com/sudokatie/epoch/cmd/epoch/import.go:64.14,65.85 1 1
github.com/sudokatie/epoch/cmd/epoch/import.go:66.13,67.74 1 1
github.com/sudokatie/epoch/cmd/epoch/import.go:68.10,69.54 1 1
github.com/sudokatie/epoch/cmd/epoch/import.go:72.2,72.16 1 1
github.com/sudokatie/epoch/cmd/epoch/import.go:72.16,74.3 1 0
github.com/sudokatie/epoch/cmd/epoch/import.go:76.2,85.12 8 1
github.com/sudokatie/epoch/cmd/epoch/import.go:88.43,90.13 2 1
github.com/sudokatie/epoch/cmd/epoch/import.go:91.15,92.16 1 1
github.com/sudokatie/epoch/cmd/epoch/import.go:93.14,94.15 1 1
github.com/sudokatie/epoch/cmd/epoch/import.go:95.10,96.16 1 1
github.com/sudokatie/epoch/cmd/epoch/import.go:100.113,111.21 8 1
github.com/sudokatie/epoch/cmd/epoch/import.go:111.21,116.49 4 1
github.com/sudokatie/epoch/cmd/epoch/import.go:116.49,117.12 1 0
github.com/sudokatie/epoch/cmd/epoch/import.go:120.3,124.32 4 1
github.com/sudokatie/epoch/cmd/epoch/import.go:124.32,125.69 1 0
github.com/sudokatie/epoch/cmd/epoch/import.go:125.69,127.5 1 0
github.com/sudokatie/epoch/cmd/epoch/import.go:128.4,131.54 4 0
github.com/sudokatie/epoch/cmd/epoch/import.go:136.2,136.22 1 1
github.com/sudokatie/epoch/cmd/epoch/import.go:136.22,137.68 1 1
github.com/sudokatie/epoch/cmd/epoch/import.go:137.68,139.4 1 0
github.com/sudokatie/epoch/cmd/epoch/import.go:140.3,140.37 1 1
github.com/sudokatie/epoch/cmd/epoch/import.go:143.2,143.38 1 1
github.com/sudokatie/epoch/cmd/epoch/import.go:143.38,145.3 1 0
github.com/sudokatie/epoch/cmd/epoch/import.go:147.2,147.37 1 1
github.com/sudokatie/epoch/cmd/epoch/import.go:150.105,152.16 2 1
github.com/sudokatie/epoch/cmd/epoch/import.go:152.16,154.3 1 0
github.com/sudokatie/epoch/cmd/epoch/import.go:156.2,157.16 2 1
github.com/sudokatie/epoch/cmd/epoch/import.go:157.16,159.3 1 0
github.com/sudokatie/epoch/cmd/epoch/import.go:161.2,165.27 3 1
github.com/sudokatie/epoch/cmd/epoch/import.go:165.27,170.27 4 1
github.com/sudokatie/epoch/cmd/epoch/import.go:170.27,171.69 1 0
github.com/sudokatie/epoch/cmd/epoch/import.go:171.69,173.5 1 0
github.com/sudokatie/epoch/cmd/epoch/import.go:174.4,176.54 3 0
github.com/sudokatie/epoch/cmd/epoch/import.go:181.2,182.19 2 1
github.com/sudokatie/epoch/cmd/epoch/import.go:182.19,183.68 1 1
github.com/sudokatie/epoch/cmd/epoch/import.go:183.68,185.4 1 0
github.com/sudokatie/epoch/cmd/epoch/import.go:186.3,186.34 1 1
github.com/sudokatie/epoch/cmd/epoch/import.go:189.2,189.43 1 1
github.com/sudokatie/epoch/cmd/epoch/import.go:192.107,194.16 2 1
github.com/sudokatie/epoch/cmd/epoch/import.go:194.16,196.3 1 0
github.com/sudokatie/epoch/cmd/epoch/import.go:198.2,200.26 3 1
github.com/sudokatie/epoch/cmd/epoch/import.go:200.26,202.3 1 1
github.com/sudokatie/epoch/cmd/epoch/import.go:204.2,205.16 2 1
github.com/sudokatie/epoch/cmd/epoch/import.go:205.16,207.3 1 0
github.com/sudokatie/epoch/cmd/epoch/import.go:209.2,213.27 3 1
github.com/sudokatie/epoch/cmd/epoch/import.go:213.27,218.31 4 1
github.com/sudokatie/epoch/cmd/epoch/import.go:218.31,219.69 1 0
github.com/sudokatie/epoch/cmd/epoch/import.go:219.69,221.5 1 0
github.com/sudokatie/epoch/cmd/epoch/import.go:222.4,224.54 3 0
github.com/sudokatie/epoch/cmd/epoch/import.go:229.2,230.19 2 1
github.com/sudokatie/epoch/cmd/epoch/import.go:230.19,231.68 1 1
github.com/sudokatie/epoch/cmd/epoch/import.go:231.68,233.4 1 0
github.com/sudokatie/epoch/cmd/epoch/import.go:234.3,234.34 1 1
github.com/sudokatie/epoch/cmd/epoch/import.go:237.2,237.43 1 1
github.com/sudokatie/epoch/cmd/epoch/import.go:240.68,242.16 2 1
github.com/sudokatie/epoch/cmd/epoch/import.go:242.16,244.3 1 0
github.com/sudokatie/epoch/cmd/epoch/import.go:245.2,247.81 2 1
github.com/sudokatie/epoch/cmd/epoch/import.go:247.81,250.3 2 1
github.com/sudokatie/epoch/cmd/epoch/import.go:252.2,252.12 1 1
github.com/sudokatie/epoch/cmd/epoch/import.go:255.54,261.27 3 1
github.com/sudokatie/epoch/cmd/epoch/import.go:261.27,266.3 4 1
github.com/sudokatie/epoch/cmd/epoch/import.go:268.2,272.29 3 1
github.com/sudokatie/epoch/cmd/epoch/import.go:272.29,273.13 1 1
github.com/sudokatie/epoch/cmd/epoch/import.go:273.13,275.4 1 1
github.com/sudokatie/epoch/cmd/epoch/import.go:276.3,280.44 4 1
github.com/sudokatie/epoch/cmd/epoch/import.go:284.2,287.20 3 1
github.com/sudokatie/epoch/cmd/epoch/import.go:290.59,291.17 1 1
github.com/sudokatie/epoch/cmd/epoch/import.go:292.30,293.42 1 1
github.com/sudokatie/epoch/cmd/epoch/import.go:294.32,295.41 1 1
github.com/sudokatie/epoch/cmd/epoch/import.go:296.31,297.43 1 1
github.com/sudokatie/epoch/cmd/epoch/import.go:298.32,299.22 1 1
github.com/sudokatie/epoch/cmd/epoch/import.go:299.22,301.4 1 1
github.com/sudokatie/epoch/cmd/epoch/import.go:302.3,302.17 1 1
github.com/sudokatie/epoch/cmd/epoch/import.go:303.10,304.12 1 0
github.com/sudokatie/epoch/cmd/epoch/main.go:13.13,50.22 29 0
github.com/sudokatie/epoch/cmd/epoch/main.go:50.22,62.3 11 0
github.com/sudokatie/epoch/cmd/epoch/main.go:64.2,66.18 2 0
github.com/sudokatie/epoch/cmd/epoch/main.go:66.18,69.3 2 0
github.com/sudokatie/epoch/cmd/epoch/main.go:71.2,71.22 1 0
github.com/sudokatie/epoch/cmd/epoch/main.go:71.22,80.3 3 0
github.com/sudokatie/epoch/cmd/epoch/main.go:82.2,82.20 1 0
github.com/sudokatie/epoch/cmd/epoch/main.go:83.15,91.14 3 0
github.com/sudokatie/epoch/cmd/epoch/main.go:93.16,95.76 2 0
github.com/sudokatie/epoch/cmd/epoch/main.go:95.76,98.4 2 0
github.com/sudokatie/epoch/cmd/epoch/main.go:100.16,102.43 2 0
github.com/sudokatie/epoch/cmd/epoch/main.go:102.43,106.4 3 0
github.com/sudokatie/epoch/cmd/epoch/main.go:107.3,116.40 2 0
github.com/sudokatie/epoch/cmd/epoch/main.go:116.40,119.4 2 0
github.com/sudokatie/epoch/cmd/epoch/main.go:121.16,123.22 2 0
github.com/sudokatie/epoch/cmd/epoch/main.go:123.22,127.4 3 0
github.com/sudokatie/epoch/cmd/epoch/main.go:128.3,137.40 2 0
github.com/sudokatie/epoch/cmd/epoch/main.go:137.40,140.4 2 0
github.com/sudokatie/epoch/cmd/epoch/main.go:142.17,143.23 1 0
github.com/sudokatie/epoch/cmd/epoch/main.go:143.23,151.4 7 0
github.com/sudokatie/epoch/cmd/epoch/main.go:152.3,153.44 2 0
github.com/sudokatie/epoch/cmd/epoch/main.go:155.30,156.15 1 0
github.com/sudokatie/epoch/cmd/epoch/main.go:158.10,161.13 3 0
github.com/sudokatie/epoch/cmd/epoch/server.go:16.56,21.22 3 0
github.com/sudokatie/epoch/cmd/epoch/server.go:21.22,23.17 2 0
github.com/sudokatie/epoch/cmd/epoch/server.go:23.17,25.4 1 0
github.com/sudokatie/epoch/cmd/epoch/server.go:26.3,26.59 1 0
github.com/sudokatie/epoch/cmd/epoch/server.go:27.8,30.17 2 0
github.com/sudokatie/epoch/cmd/epoch/server.go:30.17,32.4 1 0
github.com/sudokatie/epoch/cmd/epoch/server.go:33.3,33.20 1 0
github.com/sudokatie/epoch/cmd/epoch/server.go:33.20,36.4 2 0
github.com/sudokatie/epoch/cmd/epoch/server.go:40.2,50.16 3 0
github.com/sudokatie/epoch/cmd/epoch/server.go:50.16,52.3 1 0
github.com/sudokatie/epoch/cmd/epoch/server.go:55.2,61.16 3 0
github.com/sudokatie/epoch/cmd/epoch/server.go:61.16,63.3 1 0
github.com/sudokatie/epoch/cmd/epoch/server.go:66.2,72.12 5 0
github.com/sudokatie/epoch/cmd/epoch/server.go:72.12,76.3 3 0
github.com/sudokatie/epoch/cmd/epoch/server.go:79.2,83.25 4 0
github.com/sudokatie/epoch/cmd/epoch/server.go:83.25,85.3 1 0
github.com/sudokatie/epoch/cmd/epoch/server.go:85.8,87.3 1 0
github.com/sudokatie/epoch/cmd/epoch/server.go:89.2,92.12 3 0
github.com/sudokatie/epoch/cmd/epoch/server.go:92.12,94.3 1 0
github.com/sudokatie/epoch/cmd/epoch/server.go:96.2,96.9 1 0
github.com/sudokatie/epoch/cmd/epoch/server.go:97.20,100.60 2 0
github.com/sudokatie/epoch/cmd/epoch/server.go:100.60,102.4 1 0
github.com/sudokatie/epoch/cmd/epoch/server.go:103.3,103.40 1 0
github.com/sudokatie/epoch/cmd/epoch/server.go:103.40,105.4 1 0
github.com/sudokatie/epoch/cmd/epoch/server.go:106.3,107.13 2 0
github.com/sudokatie/epoch/cmd/epoch/server.go:108.24,109.17 1 0
github.com/sudokatie/epoch/cmd/epoch/server.go:109.17,111.4 1 0
github.com/sudokatie/epoch/cmd/epoch/server.go:112.3,112.13 1 0
github.com/sudokatie/epoch/cmd/epoch/shell.go:32.42,40.2 1 1
github.com/sudokatie/epoch/cmd/epoch/shell.go:43.23,46.29 3 0
github.com/sudokatie/epoch/cmd/epoch/shell.go:46.29,48.3 1 0
github.com/sudokatie/epoch/cmd/epoch/shell.go:49.2,54.6 4 0
github.com/sudokatie/epoch/cmd/epoch/shell.go:54.6,57.30 2 0
github.com/sudokatie/epoch/cmd/epoch/shell.go:57.30,59.4 1 0
github.com/sudokatie/epoch/cmd/epoch/shell.go:60.3,64.17 3 0
github.com/sudokatie/epoch/cmd/epoch/shell.go:64.17,65.21 1 0
github.com/sudokatie/epoch/cmd/epoch/shell.go:65.21,68.5 2 0
github.com/sudokatie/epoch/cmd/epoch/shell.go:69.4,70.12 2 0
github.com/sudokatie/epoch/cmd/epoch/shell.go:74.3,75.17 2 0
github.com/sudokatie/epoch/cmd/epoch/shell.go:75.17,76.12 1 0
github.com/sudokatie/epoch/cmd/epoch/shell.go:80.3,83.28 2 0
github.com/sudokatie/epoch/cmd/epoch/shell.go:83.28,84.12 1 0
github.com/sudokatie/epoch/cmd/epoch/shell.go:88.3,88.23 1 0
github.com/sudokatie/epoch/cmd/epoch/shell.go:93.49,95.21 2 1
github.com/sudokatie/epoch/cmd/epoch/shell.go:95.21,97.3 1 1
github.com/sudokatie/epoch/cmd/epoch/shell.go:99.2,101.13 2 1
github.com/sudokatie/epoch/cmd/epoch/shell.go:102.29,105.14 3 0
github.com/sudokatie/epoch/cmd/epoch/shell.go:107.21,109.14 2 1
github.com/sudokatie/epoch/cmd/epoch/shell.go:111.13,112.21 1 1
github.com/sudokatie/epoch/cmd/epoch/shell.go:112.21,115.4 2 1
github.com/sudokatie/epoch/cmd/epoch/shell.go:116.3,118.14 3 1
github.com/sudokatie/epoch/cmd/epoch/shell.go:120.19,121.21 1 1
github.com/sudokatie/epoch/cmd/epoch/shell.go:121.21,124.4 2 1
github.com/sudokatie/epoch/cmd/epoch/shell.go:125.3,126.86 2 1
github.com/sudokatie/epoch/cmd/epoch/shell.go:126.86,129.4 2 1
github.com/sudokatie/epoch/cmd/epoch/shell.go:130.3,132.14 3 1
github.com/sudokatie/epoch/cmd/epoch/shell.go:134.16,135.21 1 1
github.com/sudokatie/epoch/cmd/epoch/shell.go:135.21,138.4 2 1
github.com/sudokatie/epoch/cmd/epoch/shell.go:139.3,140.63 2 1
github.com/sudokatie/epoch/cmd/epoch/shell.go:140.63,143.4 2 1
github.com/sudokatie/epoch/cmd/epoch/shell.go:144.3,146.14 3 1
github.com/sudokatie/epoch/cmd/epoch/shell.go:148.14,149.29 1 0
github.com/sudokatie/epoch/cmd/epoch/shell.go:151.17,152.31 1 1
github.com/sudokatie/epoch/cmd/epoch/shell.go:152.31,154.4 1 0
github.com/sudokatie/epoch/cmd/epoch/shell.go:155.3,155.14 1 1
github.com/sudokatie/epoch/cmd/epoch/shell.go:157.15,159.14 2 1
github.com/sudokatie/epoch/cmd/epoch/shell.go:161.17,162.21 1 1
github.com/sudokatie/epoch/cmd/epoch/shell.go:162.21,165.4 2 1
github.com/sudokatie/epoch/cmd/epoch/shell.go:166.3,168.14 3 1
github.com/sudokatie/epoch/cmd/epoch/shell.go:170.10,171.15 1 1
github.com/sudokatie/epoch/cmd/epoch/shell.go:176.49,177.20 1 1
github.com/sudokatie/epoch/cmd/epoch/shell.go:177.20,180.3 2 1
github.com/sudokatie/epoch/cmd/epoch/shell.go:182.2,184.16 2 1
github.com/sudokatie/epoch/cmd/epoch/shell.go:185.19,187.14 2 1
github.com/sudokatie/epoch/cmd/epoch/shell.go:189.22,190.30 1 1
github.com/sudokatie/epoch/cmd/epoch/shell.go:190.30,193.4 2 1
github.com/sudokatie/epoch/cmd/epoch/shell.go:194.3,195.14 2 0
github.com/sudokatie/epoch/cmd/epoch/shell.go:197.13,198.61 1 1
github.com/sudokatie/epoch/cmd/epoch/shell.go:198.61,199.31 1 1
github.com/sudokatie/epoch/cmd/epoch/shell.go:199.31,202.5 2 0
github.com/sudokatie/epoch/cmd/epoch/shell.go:203.4,204.15 2 1
github.com/sudokatie/epoch/cmd/epoch/shell.go:207.15,208.61 1 1
github.com/sudokatie/epoch/cmd/epoch/shell.go:208.61,209.31 1 1
github.com/sudokatie/epoch/cmd/epoch/shell.go:209.31,212.5 2 0
github.com/sudokatie/epoch/cmd/epoch/shell.go:213.4,214.15 2 1
github.com/sudokatie/epoch/cmd/epoch/shell.go:218.2,218.14 1 1
github.com/sudokatie/epoch/cmd/epoch/shell.go:222.44,223.93 1 1
github.com/sudokatie/epoch/cmd/epoch/shell.go:223.93,226.3 2 1
github.com/sudokatie/epoch/cmd/epoch/shell.go:229.2,231.29 3 1
github.com/sudokatie/epoch/cmd/epoch/shell.go:231.29,233.3 1 1
github.com/sudokatie/epoch/cmd/epoch/shell.go:234.2,239.16 4 1
github.com/sudokatie/epoch/cmd/epoch/shell.go:239.16,242.3 2 1
github.com/sudokatie/epoch/cmd/epoch/shell.go:243.2,247.16 3 1
github.com/sudokatie/epoch/cmd/epoch/shell.go:247.16,250.3 2 0
github.com/sudokatie/epoch/cmd/epoch/shell.go:253.2,253.28 1 1
github.com/sudokatie/epoch/cmd/epoch/shell.go:253.28,256.3 2 0
github.com/sudokatie/epoch/cmd/epoch/shell.go:259.2,260.54 2 1
github.com/sudokatie/epoch/cmd/epoch/shell.go:260.54,263.3 2 0
github.com/sudokatie/epoch/cmd/epoch/shell.go:266.2,266.25 1 1
github.com/sudokatie/epoch/cmd/epoch/shell.go:267.14,268.22 1 1
github.com/sudokatie/epoch/cmd/epoch/shell.go:269.13,270.21 1 1
github.com/sudokatie/epoch/cmd/epoch/shell.go:271.10,272.23 1 1
github.com/sudokatie/epoch/cmd/epoch/shell.go:277.29,297.2 1 1
github.com/sudokatie/epoch/cmd/epoch/shell.go:320.53,321.38 1 1
github.com/sudokatie/epoch/cmd/epoch/shell.go:321.38,322.25 1 1
github.com/sudokatie/epoch/cmd/epoch/shell.go:322.25,324.12 2 1
github.com/sudokatie/epoch/cmd/epoch/shell.go:327.3,327.40 1 1
github.com/sudokatie/epoch/cmd/epoch/shell.go:327.40,329.25 1 1
github.com/sudokatie/epoch/cmd/epoch/shell.go:329.25,331.5 1 1
github.com/sudokatie/epoch/cmd/epoch/shell.go:332.4,332.28 1 1
github.com/sudokatie/epoch/cmd/epoch/shell.go:332.28,335.35 3 0
github.com/sudokatie/epoch/cmd/epoch/shell.go:335.35,336.16 1 0
github.com/sudokatie/epoch/cmd/epoch/shell.go:336.16,338.7 1 0
github.com/sudokatie/epoch/cmd/epoch/shell.go:339.6,340.19 2 0
github.com/sudokatie/epoch/cmd/epoch/shell.go:342.5,342.18 1 0
github.com/sudokatie/epoch/cmd/epoch/shell.go:346.4,347.39 2 1
github.com/sudokatie/epoch/cmd/epoch/shell.go:347.39,349.5 1 1
github.com/sudokatie/epoch/cmd/epoch/shell.go:350.4,350.38 1 1
github.com/sudokatie/epoch/cmd/epoch/shell.go:350.38,351.29 1 1
github.com/sudokatie/epoch/cmd/epoch/shell.go:351.29,352.25 1 1
github.com/sudokatie/epoch/cmd/epoch/shell.go:352.25,354.31 2 1
github.com/sudokatie/epoch/cmd/epoch/shell.go:354.31,356.8 1 1
github.com/sudokatie/epoch/cmd/epoch/shell.go:362.4,364.39 3 1
github.com/sudokatie/epoch/cmd/epoch/shell.go:364.39,365.14 1 1
github.com/sudokatie/epoch/cmd/epoch/shell.go:365.14,368.6 2 1
github.com/sudokatie/epoch/cmd/epoch/shell.go:369.5,370.58 2 1
github.com/sudokatie/epoch/cmd/epoch/shell.go:372.4,376.38 3 1
github.com/sudokatie/epoch/cmd/epoch/shell.go:376.38,378.29 2 1
github.com/sudokatie/epoch/cmd/epoch/shell.go:378.29,379.15 1 1
github.com/sudokatie/epoch/cmd/epoch/shell.go:379.15,381.7 1 1
github.com/sudokatie/epoch/cmd/epoch/shell.go:382.6,382.25 1 1
github.com/sudokatie/epoch/cmd/epoch/shell.go:382.25,384.7 1 1
github.com/sudokatie/epoch/cmd/epoch/shell.go:386.5,386.31 1 1
github.com/sudokatie/epoch/cmd/epoch/shell.go:389.4,389.60 1 1
github.com/sudokatie/epoch/cmd/epoch/shell.go:395.52,399.2 3 1
github.com/sudokatie/epoch/cmd/epoch/shell.go:402.51,403.38 1 1
github.com/sudokatie/epoch/cmd/epoch/shell.go:403.38,404.40 1 1
github.com/sudokatie/epoch/cmd/epoch/shell.go:404.40,409.38 2 1
github.com/sudokatie/epoch/cmd/epoch/shell.go:409.38,411.29 2 1
github.com/sudokatie/epoch/cmd/epoch/shell.go:411.29,413.6 1 1
github.com/sudokatie/epoch/cmd/epoch/shell.go:414.5,414.43 1 1
github.com/sudokatie/epoch/cmd/epoch/shell.go:421.40,422.14 1 1
github.com/sudokatie/epoch/cmd/epoch/shell.go:422.14,424.3 1 1
github.com/sudokatie/epoch/cmd/epoch/shell.go:425.2,425.25 1 1
github.com/sudokatie/epoch/cmd/epoch/shell.go:426.15,428.33 1 1
github.com/sudokatie/epoch/cmd/epoch/shell.go:428.33,430.4 1 1
github.com/sudokatie/epoch/cmd/epoch/shell.go:431.3,431.34 1 1
github.com/sudokatie/epoch/cmd/epoch/shell.go:432.14,433.13 1 1
github.com/sudokatie/epoch/cmd/epoch/shell.go:434.12,435.10 1 1
github.com/sudokatie/epoch/cmd/epoch/shell.go:435.10,437.4 1 1
github.com/sudokatie/epoch/cmd/epoch/shell.go:438.3,438.17 1 1
github.com/sudokatie/epoch/cmd/epoch/shell.go:439.10,440.32 1 1
github.com/sudokatie/epoch/cmd/epoch/shell.go:445.43,446.14 1 1
github.com/sudokatie/epoch/cmd/epoch/shell.go:446.14,448.3 1 1
github.com/sudokatie/epoch/cmd/epoch/shell.go:449.2,451.39 2 1
github.com/sudokatie/epoch/cmd/epoch/shell.go:451.39,453.3 1 1
github.com/sudokatie/epoch/cmd/epoch/shell.go:454.2,454.12 1 1
